This file contains any messages produced by compilers while
running configure, to aid debugging if configure makes a mistake.

It was created by fedit2 configure 0.0.0, which was
generated by GNU Autoconf 2.65.  Invocation command line was

  $ ./configure 

## --------- ##
## Platform. ##
## --------- ##

hostname = lab-desktop
uname -m = x86_64
uname -r = 4.10.0-28-generic
uname -s = Linux
uname -v = #32~16.04.2-Ubuntu SMP Thu Jul 20 10:19:48 UTC 2017

/usr/bin/uname -p = unknown
/bin/uname -X     = unknown

/bin/arch              = unknown
/usr/bin/arch -k       = unknown
/usr/convex/getsysinfo = unknown
/usr/bin/hostinfo      = unknown
/bin/machine           = unknown
/usr/bin/oslevel       = unknown
/bin/universe          = unknown

PATH: /home/sjk1997/bin
PATH: /home/sjk1997/.local/bin
PATH: /usr/local/sbin
PATH: /usr/local/bin
PATH: /usr/sbin
PATH: /usr/bin
PATH: /sbin
PATH: /bin
PATH: /usr/games
PATH: /usr/local/games
PATH: /snap/bin


## ----------- ##
## Core tests. ##
## ----------- ##

configure:2639: checking for a BSD-compatible install
configure:2707: result: /usr/bin/install -c
configure:2718: checking whether build environment is sane
configure:2768: result: yes
configure:2909: checking for a thread-safe mkdir -p
configure:2948: result: /bin/mkdir -p
configure:2961: checking for gawk
configure:2991: result: no
configure:2961: checking for mawk
configure:2977: found /usr/bin/mawk
configure:2988: result: mawk
configure:2999: checking whether make sets $(MAKE)
configure:3021: result: yes
configure:3173: checking for g++
configure:3189: found /usr/bin/g++
configure:3200: result: g++
configure:3227: checking for C++ compiler version
configure:3236: g++ --version >&5
g++ (Ubuntu 5.4.0-6ubuntu1~16.04.4) 5.4.0 20160609
Copyright (C) 2015 Free Software Foundation, Inc.
This is free software; see the source for copying conditions.  There is NO
warranty; not even for MERCHANTABILITY or FITNESS FOR A PARTICULAR PURPOSE.

configure:3247: $? = 0
configure:3236: g++ -v >&5
Using built-in specs.
COLLECT_GCC=g++
COLLECT_LTO_WRAPPER=/usr/lib/gcc/x86_64-linux-gnu/5/lto-wrapper
Target: x86_64-linux-gnu
Configured with: ../src/configure -v --with-pkgversion='Ubuntu 5.4.0-6ubuntu1~16.04.4' --with-bugurl=file:///usr/share/doc/gcc-5/README.Bugs --enable-languages=c,ada,c++,java,go,d,fortran,objc,obj-c++ --prefix=/usr --program-suffix=-5 --enable-shared --enable-linker-build-id --libexecdir=/usr/lib --without-included-gettext --enable-threads=posix --libdir=/usr/lib --enable-nls --with-sysroot=/ --enable-clocale=gnu --enable-libstdcxx-debug --enable-libstdcxx-time=yes --with-default-libstdcxx-abi=new --enable-gnu-unique-object --disable-vtable-verify --enable-libmpx --enable-plugin --with-system-zlib --disable-browser-plugin --enable-java-awt=gtk --enable-gtk-cairo --with-java-home=/usr/lib/jvm/java-1.5.0-gcj-5-amd64/jre --enable-java-home --with-jvm-root-dir=/usr/lib/jvm/java-1.5.0-gcj-5-amd64 --with-jvm-jar-dir=/usr/lib/jvm-exports/java-1.5.0-gcj-5-amd64 --with-arch-directory=amd64 --with-ecj-jar=/usr/share/java/eclipse-ecj.jar --enable-objc-gc --enable-multiarch --disable-werror --with-arch-32=i686 --with-abi=m64 --with-multilib-list=m32,m64,mx32 --enable-multilib --with-tune=generic --enable-checking=release --build=x86_64-linux-gnu --host=x86_64-linux-gnu --target=x86_64-linux-gnu
Thread model: posix
gcc version 5.4.0 20160609 (Ubuntu 5.4.0-6ubuntu1~16.04.4) 
configure:3247: $? = 0
configure:3236: g++ -V >&5
g++: error: unrecognized command line option '-V'
g++: fatal error: no input files
compilation terminated.
configure:3247: $? = 1
configure:3236: g++ -qversion >&5
g++: error: unrecognized command line option '-qversion'
g++: fatal error: no input files
compilation terminated.
configure:3247: $? = 1
configure:3267: checking whether the C++ compiler works
configure:3289: g++    conftest.cpp  >&5
configure:3293: $? = 0
configure:3342: result: yes
configure:3345: checking for C++ compiler default output file name
configure:3347: result: a.out
configure:3353: checking for suffix of executables
configure:3360: g++ -o conftest    conftest.cpp  >&5
configure:3364: $? = 0
configure:3386: result: 
configure:3408: checking whether we are cross compiling
configure:3416: g++ -o conftest    conftest.cpp  >&5
configure:3420: $? = 0
configure:3427: ./conftest
configure:3431: $? = 0
configure:3446: result: no
configure:3451: checking for suffix of object files
configure:3473: g++ -c   conftest.cpp >&5
configure:3477: $? = 0
configure:3498: result: o
configure:3502: checking whether we are using the GNU C++ compiler
configure:3521: g++ -c   conftest.cpp >&5
configure:3521: $? = 0
configure:3530: result: yes
configure:3539: checking whether g++ accepts -g
configure:3559: g++ -c -g  conftest.cpp >&5
configure:3559: $? = 0
configure:3600: result: yes
configure:3634: checking for style of include used by make
configure:3662: result: GNU
configure:3687: checking dependency style of g++
configure:3797: result: gcc3
configure:3860: checking for gcc
configure:3876: found /usr/bin/gcc
configure:3887: result: gcc
configure:4116: checking for C compiler version
configure:4125: gcc --version >&5
gcc (Ubuntu 5.4.0-6ubuntu1~16.04.4) 5.4.0 20160609
Copyright (C) 2015 Free Software Foundation, Inc.
This is free software; see the source for copying conditions.  There is NO
warranty; not even for MERCHANTABILITY or FITNESS FOR A PARTICULAR PURPOSE.

configure:4136: $? = 0
configure:4125: gcc -v >&5
Using built-in specs.
COLLECT_GCC=gcc
COLLECT_LTO_WRAPPER=/usr/lib/gcc/x86_64-linux-gnu/5/lto-wrapper
Target: x86_64-linux-gnu
Configured with: ../src/configure -v --with-pkgversion='Ubuntu 5.4.0-6ubuntu1~16.04.4' --with-bugurl=file:///usr/share/doc/gcc-5/README.Bugs --enable-languages=c,ada,c++,java,go,d,fortran,objc,obj-c++ --prefix=/usr --program-suffix=-5 --enable-shared --enable-linker-build-id --libexecdir=/usr/lib --without-included-gettext --enable-threads=posix --libdir=/usr/lib --enable-nls --with-sysroot=/ --enable-clocale=gnu --enable-libstdcxx-debug --enable-libstdcxx-time=yes --with-default-libstdcxx-abi=new --enable-gnu-unique-object --disable-vtable-verify --enable-libmpx --enable-plugin --with-system-zlib --disable-browser-plugin --enable-java-awt=gtk --enable-gtk-cairo --with-java-home=/usr/lib/jvm/java-1.5.0-gcj-5-amd64/jre --enable-java-home --with-jvm-root-dir=/usr/lib/jvm/java-1.5.0-gcj-5-amd64 --with-jvm-jar-dir=/usr/lib/jvm-exports/java-1.5.0-gcj-5-amd64 --with-arch-directory=amd64 --with-ecj-jar=/usr/share/java/eclipse-ecj.jar --enable-objc-gc --enable-multiarch --disable-werror --with-arch-32=i686 --with-abi=m64 --with-multilib-list=m32,m64,mx32 --enable-multilib --with-tune=generic --enable-checking=release --build=x86_64-linux-gnu --host=x86_64-linux-gnu --target=x86_64-linux-gnu
Thread model: posix
gcc version 5.4.0 20160609 (Ubuntu 5.4.0-6ubuntu1~16.04.4) 
configure:4136: $? = 0
configure:4125: gcc -V >&5
gcc: error: unrecognized command line option '-V'
gcc: fatal error: no input files
compilation terminated.
configure:4136: $? = 1
configure:4125: gcc -qversion >&5
gcc: error: unrecognized command line option '-qversion'
gcc: fatal error: no input files
compilation terminated.
configure:4136: $? = 1
configure:4140: checking whether we are using the GNU C compiler
configure:4159: gcc -c   conftest.c >&5
configure:4159: $? = 0
configure:4168: result: yes
configure:4177: checking whether gcc accepts -g
configure:4197: gcc -c -g  conftest.c >&5
configure:4197: $? = 0
configure:4238: result: yes
configure:4255: checking for gcc option to accept ISO C89
configure:4319: gcc  -c -g -O2  conftest.c >&5
configure:4319: $? = 0
configure:4332: result: none needed
configure:4354: checking dependency style of gcc
configure:4464: result: gcc3
configure:4484: checking how to run the C preprocessor
configure:4515: gcc -E  conftest.c
configure:4515: $? = 0
configure:4529: gcc -E  conftest.c
conftest.c:11:28: fatal error: ac_nonexistent.h: No such file or directory
compilation terminated.
configure:4529: $? = 1
configure: failed program was:
| /* confdefs.h */
| #define PACKAGE_NAME "fedit2"
| #define PACKAGE_TARNAME "fedit2"
| #define PACKAGE_VERSION "0.0.0"
| #define PACKAGE_STRING "fedit2 0.0.0"
| #define PACKAGE_BUGREPORT "akky@users.sourceforge.jp"
| #define PACKAGE_URL ""
| #define PACKAGE "fedit2"
| #define VERSION "0.0.0"
| /* end confdefs.h.  */
| #include <ac_nonexistent.h>
configure:4554: result: gcc -E
configure:4574: gcc -E  conftest.c
configure:4574: $? = 0
configure:4588: gcc -E  conftest.c
conftest.c:11:28: fatal error: ac_nonexistent.h: No such file or directory
compilation terminated.
configure:4588: $? = 1
configure: failed program was:
| /* confdefs.h */
| #define PACKAGE_NAME "fedit2"
| #define PACKAGE_TARNAME "fedit2"
| #define PACKAGE_VERSION "0.0.0"
| #define PACKAGE_STRING "fedit2 0.0.0"
| #define PACKAGE_BUGREPORT "akky@users.sourceforge.jp"
| #define PACKAGE_URL ""
| #define PACKAGE "fedit2"
| #define VERSION "0.0.0"
| /* end confdefs.h.  */
| #include <ac_nonexistent.h>
configure:4617: checking whether ln -s works
configure:4621: result: yes
configure:4628: checking whether make sets $(MAKE)
configure:4650: result: yes
configure:4720: checking build system type
configure:4734: result: x86_64-unknown-linux-gnu
configure:4754: checking host system type
configure:4767: result: x86_64-unknown-linux-gnu
configure:4787: checking for a sed that does not truncate output
configure:4851: result: /bin/sed
configure:4869: checking for grep that handles long lines and -e
configure:4927: result: /bin/grep
configure:4932: checking for egrep
configure:4994: result: /bin/grep -E
configure:4999: checking for fgrep
configure:5061: result: /bin/grep -F
configure:5096: checking for ld used by gcc
configure:5163: result: /usr/bin/ld
configure:5170: checking if the linker (/usr/bin/ld) is GNU ld
configure:5185: result: yes
configure:5197: checking for BSD- or MS-compatible name lister (nm)
configure:5246: result: /usr/bin/nm -B
configure:5364: checking the name lister (/usr/bin/nm -B) interface
configure:5371: g++ -c -g -O2  conftest.cpp >&5
configure:5374: /usr/bin/nm -B "conftest.o"
configure:5377: output
0000000000000000 B some_variable
configure:5384: result: BSD nm
configure:5388: checking the maximum length of command line arguments
configure:5508: result: 1572864
configure:5525: checking whether the shell understands some XSI constructs
configure:5535: result: yes
configure:5539: checking whether the shell understands "+="
configure:5545: result: yes
configure:5580: checking for /usr/bin/ld option to reload object files
configure:5587: result: -r
configure:5656: checking for objdump
configure:5672: found /usr/bin/objdump
configure:5683: result: objdump
configure:5715: checking how to recognize dependent libraries
configure:5911: result: pass_all
configure:5971: checking for ar
configure:5987: found /usr/bin/ar
configure:5998: result: ar
configure:6076: checking for strip
configure:6092: found /usr/bin/strip
configure:6103: result: strip
configure:6175: checking for ranlib
configure:6191: found /usr/bin/ranlib
configure:6202: result: ranlib
configure:6292: checking command to parse /usr/bin/nm -B output from gcc object
configure:6410: g++ -c -g -O2  conftest.cpp >&5
configure:6413: $? = 0
configure:6417: /usr/bin/nm -B conftest.o \| sed -n -e 's/^.*[	 ]\([ABCDGIRSTW][ABCDGIRSTW]*\)[	 ][	 ]*\([_A-Za-z][_A-Za-z0-9]*\)$/\1 \2 \2/p' \> conftest.nm
configure:6420: $? = 0
configure:6474: g++ -o conftest -g -O2   conftest.cpp conftstm.o >&5
configure:6477: $? = 0
configure:6515: result: ok
configure:6611: g++ -c -g -O2  conftest.cpp >&5
configure:6614: $? = 0
configure:7320: checking for ANSI C header files
configure:7340: g++ -c -g -O2  conftest.cpp >&5
configure:7340: $? = 0
./configure: line 7354: conftest.cpp: command not found
configure:7424: result: no
configure:7437: checking for sys/types.h
configure:7437: g++ -c -g -O2  conftest.cpp >&5
configure:7437: $? = 0
configure:7437: result: yes
configure:7437: checking for sys/stat.h
configure:7437: g++ -c -g -O2  conftest.cpp >&5
configure:7437: $? = 0
configure:7437: result: yes
configure:7437: checking for stdlib.h
configure:7437: g++ -c -g -O2  conftest.cpp >&5
configure:7437: $? = 0
configure:7437: result: yes
configure:7437: checking for string.h
configure:7437: g++ -c -g -O2  conftest.cpp >&5
configure:7437: $? = 0
configure:7437: result: yes
configure:7437: checking for memory.h
configure:7437: g++ -c -g -O2  conftest.cpp >&5
configure:7437: $? = 0
configure:7437: result: yes
configure:7437: checking for strings.h
configure:7437: g++ -c -g -O2  conftest.cpp >&5
configure:7437: $? = 0
configure:7437: result: yes
configure:7437: checking for inttypes.h
configure:7437: g++ -c -g -O2  conftest.cpp >&5
configure:7437: $? = 0
configure:7437: result: yes
configure:7437: checking for stdint.h
configure:7437: g++ -c -g -O2  conftest.cpp >&5
configure:7437: $? = 0
configure:7437: result: yes
configure:7437: checking for unistd.h
configure:7437: g++ -c -g -O2  conftest.cpp >&5
configure:7437: $? = 0
configure:7437: result: yes
configure:7452: checking for dlfcn.h
configure:7452: g++ -c -g -O2  conftest.cpp >&5
configure:7452: $? = 0
configure:7452: result: yes
configure:7577: checking for C++ compiler version
configure:7586: g++ --version >&5
g++ (Ubuntu 5.4.0-6ubuntu1~16.04.4) 5.4.0 20160609
Copyright (C) 2015 Free Software Foundation, Inc.
This is free software; see the source for copying conditions.  There is NO
warranty; not even for MERCHANTABILITY or FITNESS FOR A PARTICULAR PURPOSE.

configure:7597: $? = 0
configure:7586: g++ -v >&5
Using built-in specs.
COLLECT_GCC=g++
COLLECT_LTO_WRAPPER=/usr/lib/gcc/x86_64-linux-gnu/5/lto-wrapper
Target: x86_64-linux-gnu
Configured with: ../src/configure -v --with-pkgversion='Ubuntu 5.4.0-6ubuntu1~16.04.4' --with-bugurl=file:///usr/share/doc/gcc-5/README.Bugs --enable-languages=c,ada,c++,java,go,d,fortran,objc,obj-c++ --prefix=/usr --program-suffix=-5 --enable-shared --enable-linker-build-id --libexecdir=/usr/lib --without-included-gettext --enable-threads=posix --libdir=/usr/lib --enable-nls --with-sysroot=/ --enable-clocale=gnu --enable-libstdcxx-debug --enable-libstdcxx-time=yes --with-default-libstdcxx-abi=new --enable-gnu-unique-object --disable-vtable-verify --enable-libmpx --enable-plugin --with-system-zlib --disable-browser-plugin --enable-java-awt=gtk --enable-gtk-cairo --with-java-home=/usr/lib/jvm/java-1.5.0-gcj-5-amd64/jre --enable-java-home --with-jvm-root-dir=/usr/lib/jvm/java-1.5.0-gcj-5-amd64 --with-jvm-jar-dir=/usr/lib/jvm-exports/java-1.5.0-gcj-5-amd64 --with-arch-directory=amd64 --with-ecj-jar=/usr/share/java/eclipse-ecj.jar --enable-objc-gc --enable-multiarch --disable-werror --with-arch-32=i686 --with-abi=m64 --with-multilib-list=m32,m64,mx32 --enable-multilib --with-tune=generic --enable-checking=release --build=x86_64-linux-gnu --host=x86_64-linux-gnu --target=x86_64-linux-gnu
Thread model: posix
gcc version 5.4.0 20160609 (Ubuntu 5.4.0-6ubuntu1~16.04.4) 
configure:7597: $? = 0
configure:7586: g++ -V >&5
g++: error: unrecognized command line option '-V'
g++: fatal error: no input files
compilation terminated.
configure:7597: $? = 1
configure:7586: g++ -qversion >&5
g++: error: unrecognized command line option '-qversion'
g++: fatal error: no input files
compilation terminated.
configure:7597: $? = 1
configure:7601: checking whether we are using the GNU C++ compiler
configure:7629: result: yes
configure:7638: checking whether g++ accepts -g
configure:7699: result: yes
configure:7724: checking dependency style of g++
configure:7834: result: gcc3
configure:7857: checking how to run the C++ preprocessor
configure:7884: g++ -E  conftest.cpp
configure:7884: $? = 0
configure:7898: g++ -E  conftest.cpp
conftest.cpp:21:28: fatal error: ac_nonexistent.h: No such file or directory
compilation terminated.
configure:7898: $? = 1
configure: failed program was:
| /* confdefs.h */
| #define PACKAGE_NAME "fedit2"
| #define PACKAGE_TARNAME "fedit2"
| #define PACKAGE_VERSION "0.0.0"
| #define PACKAGE_STRING "fedit2 0.0.0"
| #define PACKAGE_BUGREPORT "akky@users.sourceforge.jp"
| #define PACKAGE_URL ""
| #define PACKAGE "fedit2"
| #define VERSION "0.0.0"
| #define HAVE_SYS_TYPES_H 1
| #define HAVE_SYS_STAT_H 1
| #define HAVE_STDLIB_H 1
| #define HAVE_STRING_H 1
| #define HAVE_MEMORY_H 1
| #define HAVE_STRINGS_H 1
| #define HAVE_INTTYPES_H 1
| #define HAVE_STDINT_H 1
| #define HAVE_UNISTD_H 1
| #define HAVE_DLFCN_H 1
| /* end confdefs.h.  */
| #include <ac_nonexistent.h>
configure:7923: result: g++ -E
configure:7943: g++ -E  conftest.cpp
configure:7943: $? = 0
configure:7957: g++ -E  conftest.cpp
conftest.cpp:21:28: fatal error: ac_nonexistent.h: No such file or directory
compilation terminated.
configure:7957: $? = 1
configure: failed program was:
| /* confdefs.h */
| #define PACKAGE_NAME "fedit2"
| #define PACKAGE_TARNAME "fedit2"
| #define PACKAGE_VERSION "0.0.0"
| #define PACKAGE_STRING "fedit2 0.0.0"
| #define PACKAGE_BUGREPORT "akky@users.sourceforge.jp"
| #define PACKAGE_URL ""
| #define PACKAGE "fedit2"
| #define VERSION "0.0.0"
| #define HAVE_SYS_TYPES_H 1
| #define HAVE_SYS_STAT_H 1
| #define HAVE_STDLIB_H 1
| #define HAVE_STRING_H 1
| #define HAVE_MEMORY_H 1
| #define HAVE_STRINGS_H 1
| #define HAVE_INTTYPES_H 1
| #define HAVE_STDINT_H 1
| #define HAVE_UNISTD_H 1
| #define HAVE_DLFCN_H 1
| /* end confdefs.h.  */
| #include <ac_nonexistent.h>
configure:8133: checking for objdir
configure:8148: result: .libs
configure:8444: checking if gcc supports -fno-rtti -fno-exceptions
configure:8462: gcc -c -g -O2  -fno-rtti -fno-exceptions conftest.c >&5
cc1: warning: command line option '-fno-rtti' is valid for C++/ObjC++ but not for C
configure:8466: $? = 0
configure:8479: result: no
configure:8499: checking for gcc option to produce PIC
configure:8771: result: -fPIC -DPIC
configure:8783: checking if gcc PIC flag -fPIC -DPIC works
configure:8801: gcc -c -g -O2  -fPIC -DPIC -DPIC conftest.c >&5
configure:8805: $? = 0
configure:8818: result: yes
configure:8842: checking if gcc static flag -static works
configure:8870: result: yes
configure:8885: checking if gcc supports -c -o file.o
configure:8906: gcc -c -g -O2  -o out/conftest2.o conftest.c >&5
configure:8910: $? = 0
configure:8932: result: yes
configure:8940: checking if gcc supports -c -o file.o
configure:8987: result: yes
configure:9020: checking whether the gcc linker (/usr/bin/ld -m elf_x86_64) supports shared libraries
configure:10011: result: yes
configure:10048: checking whether -lc should be explicitly linked in
configure:10053: gcc -c -g -O2  conftest.c >&5
configure:10056: $? = 0
configure:10071: gcc -shared conftest.o  -v -Wl,-soname -Wl,conftest -o conftest 2\>\&1 \| /bin/grep  -lc  \>/dev/null 2\>\&1
configure:10074: $? = 0
configure:10086: result: no
configure:10250: checking dynamic linker characteristics
configure:10683: gcc -o conftest -g -O2   -Wl,-rpath -Wl,/foo conftest.c  >&5
configure:10683: $? = 0
configure:10913: result: GNU/Linux ld.so
configure:11015: checking how to hardcode library paths into programs
configure:11040: result: immediate
configure:11560: checking whether stripping libraries is possible
configure:11565: result: yes
configure:11600: checking if libtool supports shared libraries
configure:11602: result: yes
configure:11605: checking whether to build shared libraries
configure:11626: result: yes
configure:11629: checking whether to build static libraries
configure:11633: result: no
configure:11783: checking for ld used by g++
configure:11850: result: /usr/bin/ld -m elf_x86_64
configure:11857: checking if the linker (/usr/bin/ld -m elf_x86_64) is GNU ld
configure:11872: result: yes
configure:11927: checking whether the g++ linker (/usr/bin/ld -m elf_x86_64) supports shared libraries
configure:12840: result: yes
configure:12868: g++ -c -g -O2  conftest.cpp >&5
configure:12871: $? = 0
configure:13053: checking for g++ option to produce PIC
configure:13370: result: -fPIC -DPIC
configure:13379: checking if g++ PIC flag -fPIC -DPIC works
configure:13397: g++ -c -g -O2  -fPIC -DPIC -DPIC conftest.cpp >&5
configure:13401: $? = 0
configure:13414: result: yes
configure:13435: checking if g++ static flag -static works
configure:13463: result: yes
configure:13475: checking if g++ supports -c -o file.o
configure:13496: g++ -c -g -O2  -o out/conftest2.o conftest.cpp >&5
configure:13500: $? = 0
configure:13522: result: yes
configure:13527: checking if g++ supports -c -o file.o
configure:13574: result: yes
configure:13604: checking whether the g++ linker (/usr/bin/ld -m elf_x86_64) supports shared libraries
configure:13633: result: yes
configure:13770: checking dynamic linker characteristics
configure:14151: g++ -o conftest -g -O2   -Wl,-rpath -Wl,/foo conftest.cpp  >&5
configure:14151: $? = 0
configure:14381: result: GNU/Linux ld.so
configure:14432: checking how to hardcode library paths into programs
configure:14457: result: immediate
configure:14568: checking for boostlib >= 1.32.0
configure:14628: g++ -c -g -O2  -I/usr/include conftest.cpp >&5
configure:14628: $? = 0
configure:14630: result: yes
configure:14776: enabled Qt4
configure:14842: checking for pkg-config
configure:14860: found /usr/bin/pkg-config
configure:14872: result: /usr/bin/pkg-config
configure:14897: checking pkg-config is at least version 0.9.0
configure:14900: result: yes
configure:14915: set QT4_REQUIRED_VERSION... 4.3.0
configure:14917: set QT4_REQUIRED_MODULES... QtCore QtGui QtNetwork
configure:14926: checking for pkg-config
configure:14957: result: /usr/bin/pkg-config
configure:14970: check QtCore >= 4.3.0
configure:14974: checking for Qt4
configure:14982: $PKG_CONFIG --exists --print-errors "$mod >= $QT4_REQUIRED_VERSION"
configure:14985: $? = 0
configure:15000: $PKG_CONFIG --exists --print-errors "$mod >= $QT4_REQUIRED_VERSION"
configure:15003: $? = 0
configure:15039: result: yes
configure:14970: check QtGui >= 4.3.0
configure:14974: checking for Qt4
configure:15039: result: yes
configure:14970: check QtNetwork >= 4.3.0
configure:14974: checking for Qt4
configure:15039: result: yes
configure:15053: set QT4_CXXFLAGS... -DQT_SHARED -I/usr/include/qt4 -I/usr/include/qt4/QtGui -I/usr/include/qt4 -I/usr/include/qt4/QtNetwork -I/usr/include/qt4 -I/usr/include/qt4/QtCore
configure:15055: set QT4_LDFLAGS... -L/usr/X11R6/lib64
configure:15057: set QT4_LDADD... -pthread-lQtGui -lQtCore -lfontconfig -lpthread -laudio -lXt -lgthread-2.0 -lglib-2.0 -lpng -lz -lfreetype -lgobject-2.0 -lglib-2.0 -lSM -lICE -lXi -lXrender -lfontconfig -lfreetype -lXext -lX11 -lm -lQtNetwork -lQtCore -lfontconfig -lpthread -lz -lQtCore -lfontconfig -lpthread -lz -lm -ldl -lgthread-2.0 -lglib-2.0 -lrt
configure:15096: set QT4_MOC... /usr/share/qt4/bin/moc
configure:15133: checking for cos in -lm
configure:15158: g++ -o conftest -g -O2  -I/usr/include  -L/usr/lib64 conftest.cpp -lm   >&5
configure:15158: $? = 0
configure:15167: result: yes
configure:15175: checking for main in -lrcsc_geom
configure:15194: g++ -o conftest -g -O2  -I/usr/include  -L/usr/lib64 conftest.cpp -lrcsc_geom  -lm  >&5
configure:15194: $? = 0
configure:15203: result: yes
configure:15211: checking for main in -lrcsc_rcg
configure:15230: g++ -o conftest -g -O2  -I/usr/include  -L/usr/lib64 conftest.cpp -lrcsc_rcg  -lrcsc_geom -lm  >&5
configure:15230: $? = 0
configure:15239: result: yes
configure:15247: checking for main in -lrcsc_gz
configure:15266: g++ -o conftest -g -O2  -I/usr/include  -L/usr/lib64 conftest.cpp -lrcsc_gz  -lrcsc_rcg -lrcsc_geom -lm  >&5
configure:15266: $? = 0
configure:15275: result: yes
configure:15286: checking for main in -lrcsc_param
configure:15305: g++ -o conftest -g -O2  -I/usr/include  -L/usr/lib64 conftest.cpp -lrcsc_param  -lrcsc_gz -lrcsc_rcg -lrcsc_geom -lm  >&5
configure:15305: $? = 0
configure:15314: result: yes
configure:15322: checking for main in -lrcsc_net
configure:15341: g++ -o conftest -g -O2  -I/usr/include  -L/usr/lib64 conftest.cpp -lrcsc_net  -lrcsc_param -lrcsc_gz -lrcsc_rcg -lrcsc_geom -lm  >&5
configure:15341: $? = 0
configure:15350: result: yes
configure:15358: checking for main in -lrcsc_time
configure:15377: g++ -o conftest -g -O2  -I/usr/include  -L/usr/lib64 conftest.cpp -lrcsc_time  -lrcsc_net -lrcsc_param -lrcsc_gz -lrcsc_rcg -lrcsc_geom -lm  >&5
configure:15377: $? = 0
configure:15386: result: yes
configure:15394: checking for main in -lrcsc_ann
configure:15413: g++ -o conftest -g -O2  -I/usr/include  -L/usr/lib64 conftest.cpp -lrcsc_ann  -lrcsc_time -lrcsc_net -lrcsc_param -lrcsc_gz -lrcsc_rcg -lrcsc_geom -lm  >&5
configure:15413: $? = 0
configure:15422: result: yes
configure:15430: checking for main in -lrcsc_agent
configure:15449: g++ -o conftest -g -O2  -I/usr/include  -L/usr/lib64 conftest.cpp -lrcsc_agent  -lrcsc_ann -lrcsc_time -lrcsc_net -lrcsc_param -lrcsc_gz -lrcsc_rcg -lrcsc_geom -lm  >&5
configure:15449: $? = 0
configure:15458: result: yes
configure:15471: checking for stdbool.h that conforms to C99
configure:15556: g++ -c -g -O2  -I/usr/include conftest.cpp >&5
configure:15556: $? = 0
configure:15563: result: yes
configure:15565: checking for _Bool
configure:15565: g++ -c -g -O2  -I/usr/include conftest.cpp >&5
conftest.cpp: In function 'int main()':
conftest.cpp:60:13: error: '_Bool' was not declared in this scope
 if (sizeof (_Bool))
             ^
configure:15565: $? = 1
configure: failed program was:
| /* confdefs.h */
| #define PACKAGE_NAME "fedit2"
| #define PACKAGE_TARNAME "fedit2"
| #define PACKAGE_VERSION "0.0.0"
| #define PACKAGE_STRING "fedit2 0.0.0"
| #define PACKAGE_BUGREPORT "akky@users.sourceforge.jp"
| #define PACKAGE_URL ""
| #define PACKAGE "fedit2"
| #define VERSION "0.0.0"
| #define HAVE_SYS_TYPES_H 1
| #define HAVE_SYS_STAT_H 1
| #define HAVE_STDLIB_H 1
| #define HAVE_STRING_H 1
| #define HAVE_MEMORY_H 1
| #define HAVE_STRINGS_H 1
| #define HAVE_INTTYPES_H 1
| #define HAVE_STDINT_H 1
| #define HAVE_UNISTD_H 1
| #define HAVE_DLFCN_H 1
| #define LT_OBJDIR ".libs/"
| #define HAVE_BOOST /**/
| #define HAVE_LIBRCSC_GZ 1
| /* end confdefs.h.  */
| #include <stdio.h>
| #ifdef HAVE_SYS_TYPES_H
| # include <sys/types.h>
| #endif
| #ifdef HAVE_SYS_STAT_H
| # include <sys/stat.h>
| #endif
| #ifdef STDC_HEADERS
| # include <stdlib.h>
| # include <stddef.h>
| #else
| # ifdef HAVE_STDLIB_H
| #  include <stdlib.h>
| # endif
| #endif
| #ifdef HAVE_STRING_H
| # if !defined STDC_HEADERS && defined HAVE_MEMORY_H
| #  include <memory.h>
| # endif
| # include <string.h>
| #endif
| #ifdef HAVE_STRINGS_H
| # include <strings.h>
| #endif
| #ifdef HAVE_INTTYPES_H
| # include <inttypes.h>
| #endif
| #ifdef HAVE_STDINT_H
| # include <stdint.h>
| #endif
| #ifdef HAVE_UNISTD_H
| # include <unistd.h>
| #endif
| int
| main ()
| {
| if (sizeof (_Bool))
| 	 return 0;
|   ;
|   return 0;
| }
configure:15565: result: no
configure:15581: checking for an ANSI C-conforming const
configure:15646: g++ -c -g -O2  -I/usr/include conftest.cpp >&5
configure:15646: $? = 0
configure:15653: result: yes
configure:15661: checking for inline
configure:15677: g++ -c -g -O2  -I/usr/include conftest.cpp >&5
configure:15677: $? = 0
configure:15685: result: inline
configure:15703: checking for size_t
configure:15703: g++ -c -g -O2  -I/usr/include conftest.cpp >&5
configure:15703: $? = 0
configure:15703: g++ -c -g -O2  -I/usr/include conftest.cpp >&5
conftest.cpp: In function 'int main()':
conftest.cpp:61:20: error: expected primary-expression before ')' token
 if (sizeof ((size_t)))
                    ^
configure:15703: $? = 1
configure: failed program was:
| /* confdefs.h */
| #define PACKAGE_NAME "fedit2"
| #define PACKAGE_TARNAME "fedit2"
| #define PACKAGE_VERSION "0.0.0"
| #define PACKAGE_STRING "fedit2 0.0.0"
| #define PACKAGE_BUGREPORT "akky@users.sourceforge.jp"
| #define PACKAGE_URL ""
| #define PACKAGE "fedit2"
| #define VERSION "0.0.0"
| #define HAVE_SYS_TYPES_H 1
| #define HAVE_SYS_STAT_H 1
| #define HAVE_STDLIB_H 1
| #define HAVE_STRING_H 1
| #define HAVE_MEMORY_H 1
| #define HAVE_STRINGS_H 1
| #define HAVE_INTTYPES_H 1
| #define HAVE_STDINT_H 1
| #define HAVE_UNISTD_H 1
| #define HAVE_DLFCN_H 1
| #define LT_OBJDIR ".libs/"
| #define HAVE_BOOST /**/
| #define HAVE_LIBRCSC_GZ 1
| #define HAVE_STDBOOL_H 1
| /* end confdefs.h.  */
| #include <stdio.h>
| #ifdef HAVE_SYS_TYPES_H
| # include <sys/types.h>
| #endif
| #ifdef HAVE_SYS_STAT_H
| # include <sys/stat.h>
| #endif
| #ifdef STDC_HEADERS
| # include <stdlib.h>
| # include <stddef.h>
| #else
| # ifdef HAVE_STDLIB_H
| #  include <stdlib.h>
| # endif
| #endif
| #ifdef HAVE_STRING_H
| # if !defined STDC_HEADERS && defined HAVE_MEMORY_H
| #  include <memory.h>
| # endif
| # include <string.h>
| #endif
| #ifdef HAVE_STRINGS_H
| # include <strings.h>
| #endif
| #ifdef HAVE_INTTYPES_H
| # include <inttypes.h>
| #endif
| #ifdef HAVE_STDINT_H
| # include <stdint.h>
| #endif
| #ifdef HAVE_UNISTD_H
| # include <unistd.h>
| #endif
| int
| main ()
| {
| if (sizeof ((size_t)))
| 	    return 0;
|   ;
|   return 0;
| }
configure:15703: result: yes
configure:15714: checking for uint32_t
configure:15714: g++ -c -g -O2  -I/usr/include conftest.cpp >&5
configure:15714: $? = 0
configure:15714: result: yes
configure:15728: checking for ptrdiff_t
configure:15728: g++ -c -g -O2  -I/usr/include conftest.cpp >&5
conftest.cpp: In function 'int main()':
conftest.cpp:61:13: error: 'ptrdiff_t' was not declared in this scope
 if (sizeof (ptrdiff_t))
             ^
configure:15728: $? = 1
configure: failed program was:
| /* confdefs.h */
| #define PACKAGE_NAME "fedit2"
| #define PACKAGE_TARNAME "fedit2"
| #define PACKAGE_VERSION "0.0.0"
| #define PACKAGE_STRING "fedit2 0.0.0"
| #define PACKAGE_BUGREPORT "akky@users.sourceforge.jp"
| #define PACKAGE_URL ""
| #define PACKAGE "fedit2"
| #define VERSION "0.0.0"
| #define HAVE_SYS_TYPES_H 1
| #define HAVE_SYS_STAT_H 1
| #define HAVE_STDLIB_H 1
| #define HAVE_STRING_H 1
| #define HAVE_MEMORY_H 1
| #define HAVE_STRINGS_H 1
| #define HAVE_INTTYPES_H 1
| #define HAVE_STDINT_H 1
| #define HAVE_UNISTD_H 1
| #define HAVE_DLFCN_H 1
| #define LT_OBJDIR ".libs/"
| #define HAVE_BOOST /**/
| #define HAVE_LIBRCSC_GZ 1
| #define HAVE_STDBOOL_H 1
| /* end confdefs.h.  */
| #include <stdio.h>
| #ifdef HAVE_SYS_TYPES_H
| # include <sys/types.h>
| #endif
| #ifdef HAVE_SYS_STAT_H
| # include <sys/stat.h>
| #endif
| #ifdef STDC_HEADERS
| # include <stdlib.h>
| # include <stddef.h>
| #else
| # ifdef HAVE_STDLIB_H
| #  include <stdlib.h>
| # endif
| #endif
| #ifdef HAVE_STRING_H
| # if !defined STDC_HEADERS && defined HAVE_MEMORY_H
| #  include <memory.h>
| # endif
| # include <string.h>
| #endif
| #ifdef HAVE_STRINGS_H
| # include <strings.h>
| #endif
| #ifdef HAVE_INTTYPES_H
| # include <inttypes.h>
| #endif
| #ifdef HAVE_STDINT_H
| # include <stdint.h>
| #endif
| #ifdef HAVE_UNISTD_H
| # include <unistd.h>
| #endif
| int
| main ()
| {
| if (sizeof (ptrdiff_t))
| 	 return 0;
|   ;
|   return 0;
| }
configure:15728: result: no
configure:15741: checking for ANSI C header files
configure:15845: result: no
configure:15856: checking for sqrt
configure:15856: g++ -o conftest -g -O2  -I/usr/include  -L/usr/lib64 conftest.cpp -lrcsc_agent -lrcsc_ann -lrcsc_time -lrcsc_net -lrcsc_param -lrcsc_gz -lrcsc_rcg -lrcsc_geom -lm  >&5
configure:15856: $? = 0
configure:15856: result: yes
configure:15856: checking for rint
configure:15856: g++ -o conftest -g -O2  -I/usr/include  -L/usr/lib64 conftest.cpp -lrcsc_agent -lrcsc_ann -lrcsc_time -lrcsc_net -lrcsc_param -lrcsc_gz -lrcsc_rcg -lrcsc_geom -lm  >&5
configure:15856: $? = 0
configure:15856: result: yes
configure:15996: creating ./config.status

## ---------------------- ##
## Running config.status. ##
## ---------------------- ##

This file was extended by fedit2 config.status 0.0.0, which was
generated by GNU Autoconf 2.65.  Invocation command line was

  CONFIG_FILES    = 
  CONFIG_HEADERS  = 
  CONFIG_LINKS    = 
  CONFIG_COMMANDS = 
  $ ./config.status 

on lab-desktop

config.status:1145: creating Makefile
config.status:1145: creating src/Makefile
config.status:1145: creating tool/Makefile
config.status:1145: creating config.h
config.status:1317: config.h is unchanged
config.status:1365: executing depfiles commands
config.status:1365: executing libtool commands

## ---------------- ##
## Cache variables. ##
## ---------------- ##

ac_cv_build=x86_64-unknown-linux-gnu
ac_cv_c_compiler_gnu=yes
ac_cv_c_const=yes
ac_cv_c_inline=inline
ac_cv_c_uint32_t=yes
ac_cv_cxx_compiler_gnu=yes
ac_cv_env_CCC_set=
ac_cv_env_CCC_value=
ac_cv_env_CC_set=
ac_cv_env_CC_value=
ac_cv_env_CFLAGS_set=
ac_cv_env_CFLAGS_value=
ac_cv_env_CPPFLAGS_set=
ac_cv_env_CPPFLAGS_value=
ac_cv_env_CPP_set=
ac_cv_env_CPP_value=
ac_cv_env_CXXCPP_set=
ac_cv_env_CXXCPP_value=
ac_cv_env_CXXFLAGS_set=
ac_cv_env_CXXFLAGS_value=
ac_cv_env_CXX_set=
ac_cv_env_CXX_value=
ac_cv_env_LDFLAGS_set=
ac_cv_env_LDFLAGS_value=
ac_cv_env_LIBS_set=
ac_cv_env_LIBS_value=
ac_cv_env_PKG_CONFIG_set=
ac_cv_env_PKG_CONFIG_value=
ac_cv_env_Qt4_CFLAGS_set=
ac_cv_env_Qt4_CFLAGS_value=
ac_cv_env_Qt4_LIBS_set=
ac_cv_env_Qt4_LIBS_value=
ac_cv_env_build_alias_set=
ac_cv_env_build_alias_value=
ac_cv_env_host_alias_set=
ac_cv_env_host_alias_value=
ac_cv_env_target_alias_set=
ac_cv_env_target_alias_value=
ac_cv_func_rint=yes
ac_cv_func_sqrt=yes
ac_cv_header_dlfcn_h=yes
ac_cv_header_inttypes_h=yes
ac_cv_header_memory_h=yes
ac_cv_header_stdbool_h=yes
ac_cv_header_stdc=no
ac_cv_header_stdint_h=yes
ac_cv_header_stdlib_h=yes
ac_cv_header_string_h=yes
ac_cv_header_strings_h=yes
ac_cv_header_sys_stat_h=yes
ac_cv_header_sys_types_h=yes
ac_cv_header_unistd_h=yes
ac_cv_host=x86_64-unknown-linux-gnu
ac_cv_lib_m_cos=yes
ac_cv_lib_rcsc_agent_main=yes
ac_cv_lib_rcsc_ann_main=yes
ac_cv_lib_rcsc_geom_main=yes
ac_cv_lib_rcsc_gz_main=yes
ac_cv_lib_rcsc_net_main=yes
ac_cv_lib_rcsc_param_main=yes
ac_cv_lib_rcsc_rcg_main=yes
ac_cv_lib_rcsc_time_main=yes
ac_cv_objext=o
ac_cv_path_EGREP='/bin/grep -E'
ac_cv_path_FGREP='/bin/grep -F'
ac_cv_path_GREP=/bin/grep
ac_cv_path_PKG_CONFIG=/usr/bin/pkg-config
ac_cv_path_SED=/bin/sed
ac_cv_path_ac_pt_PKG_CONFIG=/usr/bin/pkg-config
ac_cv_path_install='/usr/bin/install -c'
ac_cv_path_mkdir=/bin/mkdir
ac_cv_prog_AWK=mawk
ac_cv_prog_CPP='gcc -E'
ac_cv_prog_CXXCPP='g++ -E'
ac_cv_prog_ac_ct_AR=ar
ac_cv_prog_ac_ct_CC=gcc
ac_cv_prog_ac_ct_CXX=g++
ac_cv_prog_ac_ct_OBJDUMP=objdump
ac_cv_prog_ac_ct_RANLIB=ranlib
ac_cv_prog_ac_ct_STRIP=strip
ac_cv_prog_cc_c89=
ac_cv_prog_cc_g=yes
ac_cv_prog_cxx_g=yes
ac_cv_prog_make_make_set=yes
ac_cv_type__Bool=no
ac_cv_type_ptrdiff_t=no
ac_cv_type_size_t=yes
am_cv_CC_dependencies_compiler_type=gcc3
am_cv_CXX_dependencies_compiler_type=gcc3
lt_cv_deplibs_check_method=pass_all
lt_cv_file_magic_cmd='$MAGIC_CMD'
lt_cv_file_magic_test_file=
lt_cv_ld_reload_flag=-r
lt_cv_nm_interface='BSD nm'
lt_cv_objdir=.libs
lt_cv_path_LD=/usr/bin/ld
lt_cv_path_LDCXX='/usr/bin/ld -m elf_x86_64'
lt_cv_path_NM='/usr/bin/nm -B'
lt_cv_prog_compiler_c_o=yes
lt_cv_prog_compiler_c_o_CXX=yes
lt_cv_prog_compiler_pic_works=yes
lt_cv_prog_compiler_pic_works_CXX=yes
lt_cv_prog_compiler_rtti_exceptions=no
lt_cv_prog_compiler_static_works=yes
lt_cv_prog_compiler_static_works_CXX=yes
lt_cv_prog_gnu_ld=yes
lt_cv_prog_gnu_ldcxx=yes
lt_cv_sys_global_symbol_pipe='sed -n -e '\''s/^.*[	 ]\([ABCDGIRSTW][ABCDGIRSTW]*\)[	 ][	 ]*\([_A-Za-z][_A-Za-z0-9]*\)$/\1 \2 \2/p'\'''
lt_cv_sys_global_symbol_to_c_name_address='sed -n -e '\''s/^: \([^ ]*\) $/  {\"\1\", (void *) 0},/p'\'' -e '\''s/^[ABCDGIRSTW]* \([^ ]*\) \([^ ]*\)$/  {"\2", (void *) \&\2},/p'\'''
lt_cv_sys_global_symbol_to_c_name_address_lib_prefix='sed -n -e '\''s/^: \([^ ]*\) $/  {\"\1\", (void *) 0},/p'\'' -e '\''s/^[ABCDGIRSTW]* \([^ ]*\) \(lib[^ ]*\)$/  {"\2", (void *) \&\2},/p'\'' -e '\''s/^[ABCDGIRSTW]* \([^ ]*\) \([^ ]*\)$/  {"lib\2", (void *) \&\2},/p'\'''
lt_cv_sys_global_symbol_to_cdecl='sed -n -e '\''s/^T .* \(.*\)$/extern int \1();/p'\'' -e '\''s/^[ABCDGIRSTW]* .* \(.*\)$/extern char \1;/p'\'''
lt_cv_sys_max_cmd_len=1572864
pkg_cv_Qt4_CFLAGS='-DQT_SHARED -I/usr/include/qt4 -I/usr/include/qt4/QtCore'
pkg_cv_Qt4_LIBS=-lQtCore

## ----------------- ##
## Output variables. ##
## ----------------- ##

ACLOCAL='${SHELL} /home/sjk1997/robocup2d/setup/fedit2-0.0.0/missing --run aclocal-1.11'
AMDEPBACKSLASH='\'
AMDEP_FALSE='#'
AMDEP_TRUE=''
AMTAR='${SHELL} /home/sjk1997/robocup2d/setup/fedit2-0.0.0/missing --run tar'
AR='ar'
AUTOCONF='${SHELL} /home/sjk1997/robocup2d/setup/fedit2-0.0.0/missing --run autoconf'
AUTOHEADER='${SHELL} /home/sjk1997/robocup2d/setup/fedit2-0.0.0/missing --run autoheader'
AUTOMAKE='${SHELL} /home/sjk1997/robocup2d/setup/fedit2-0.0.0/missing --run automake-1.11'
AWK='mawk'
BOOST_CPPFLAGS='-I/usr/include'
BOOST_LDFLAGS='-L/usr/lib64'
CC='gcc'
CCDEPMODE='depmode=gcc3'
CFLAGS='-g -O2'
CPP='gcc -E'
CPPFLAGS=' -I/usr/include'
CXX='g++'
CXXCPP='g++ -E'
CXXDEPMODE='depmode=gcc3'
CXXFLAGS='-g -O2'
CYGPATH_W='echo'
DEFS='-DHAVE_CONFIG_H'
DEPDIR='.deps'
DSYMUTIL=''
DUMPBIN=''
ECHO_C=''
ECHO_N='-n'
ECHO_T=''
EGREP='/bin/grep -E'
EXEEXT=''
FGREP='/bin/grep -F'
GREP='/bin/grep'
INSTALL_DATA='${INSTALL} -m 644'
INSTALL_PROGRAM='${INSTALL}'
INSTALL_SCRIPT='${INSTALL}'
INSTALL_STRIP_PROGRAM='$(install_sh) -c -s'
LD='/usr/bin/ld -m elf_x86_64'
LDFLAGS=' -L/usr/lib64'
LIBOBJS=''
LIBRCSCLIB='/usr/local/lib'
LIBS='-lrcsc_agent -lrcsc_ann -lrcsc_time -lrcsc_net -lrcsc_param -lrcsc_gz -lrcsc_rcg -lrcsc_geom -lm '
LIBTOOL='$(SHELL) $(top_builddir)/libtool'
LIBTOOL_DEPS='./ltmain.sh'
LIPO=''
LN_S='ln -s'
LTLIBOBJS=''
MAKEINFO='${SHELL} /home/sjk1997/robocup2d/setup/fedit2-0.0.0/missing --run makeinfo'
MKDIR_P='/bin/mkdir -p'
NM='/usr/bin/nm -B'
NMEDIT=''
OBJDUMP='objdump'
OBJEXT='o'
OTOOL64=''
OTOOL=''
PACKAGE='fedit2'
PACKAGE_BUGREPORT='akky@users.sourceforge.jp'
PACKAGE_NAME='fedit2'
PACKAGE_STRING='fedit2 0.0.0'
PACKAGE_TARNAME='fedit2'
PACKAGE_URL=''
PACKAGE_VERSION='0.0.0'
PATH_SEPARATOR=':'
PKG_CONFIG='/usr/bin/pkg-config'
QT4_CFLAGS='-DQT_SHARED -I/usr/include/qt4 -I/usr/include/qt4/QtGui -I/usr/include/qt4 -I/usr/include/qt4/QtNetwork -I/usr/include/qt4 -I/usr/include/qt4/QtCore'
QT4_CPPFLAGS=''
QT4_CXXFLAGS='-DQT_SHARED -I/usr/include/qt4 -I/usr/include/qt4/QtGui -I/usr/include/qt4 -I/usr/include/qt4/QtNetwork -I/usr/include/qt4 -I/usr/include/qt4/QtCore'
QT4_LDADD='-pthread-lQtGui -lQtCore -lfontconfig -lpthread -laudio -lXt -lgthread-2.0 -lglib-2.0 -lpng -lz -lfreetype -lgobject-2.0 -lglib-2.0 -lSM -lICE -lXi -lXrender -lfontconfig -lfreetype -lXext -lX11 -lm -lQtNetwork -lQtCore -lfontconfig -lpthread -lz -lQtCore -lfontconfig -lpthread -lz -lm -ldl -lgthread-2.0 -lglib-2.0 -lrt'
QT4_LDFLAGS='-L/usr/X11R6/lib64'
QT4_MOC='/usr/share/qt4/bin/moc'
Qt4_CFLAGS='-DQT_SHARED -I/usr/include/qt4 -I/usr/include/qt4/QtCore'
Qt4_LIBS='-lQtCore'
RANLIB='ranlib'
SED='/bin/sed'
SET_MAKE=''
SHELL='/bin/bash'
STRIP='strip'
VERSION='0.0.0'
ac_ct_CC='gcc'
ac_ct_CXX='g++'
ac_ct_DUMPBIN=''
am__EXEEXT_FALSE=''
am__EXEEXT_TRUE='#'
am__fastdepCC_FALSE='#'
am__fastdepCC_TRUE=''
am__fastdepCXX_FALSE='#'
am__fastdepCXX_TRUE=''
am__include='include'
am__isrc=''
am__leading_dot='.'
am__quote=''
am__tar='${AMTAR} chof - "$$tardir"'
am__untar='${AMTAR} xf -'
bindir='${exec_prefix}/bin'
build='x86_64-unknown-linux-gnu'
build_alias=''
build_cpu='x86_64'
build_os='linux-gnu'
build_vendor='unknown'
datadir='${datarootdir}'
datarootdir='${prefix}/share'
docdir='${datarootdir}/doc/${PACKAGE_TARNAME}'
dvidir='${docdir}'
exec_prefix='${prefix}'
host='x86_64-unknown-linux-gnu'
host_alias=''
host_cpu='x86_64'
host_os='linux-gnu'
host_vendor='unknown'
htmldir='${docdir}'
includedir='${prefix}/include'
infodir='${datarootdir}/info'
install_sh='${SHELL} /home/sjk1997/robocup2d/setup/fedit2-0.0.0/install-sh'
libdir='${exec_prefix}/lib'
libexecdir='${exec_prefix}/libexec'
localedir='${datarootdir}/locale'
localstatedir='${prefix}/var'
lt_ECHO='echo'
mandir='${datarootdir}/man'
mkdir_p='/bin/mkdir -p'
oldincludedir='/usr/include'
pdfdir='${docdir}'
prefix='/usr/local'
program_transform_name='s,x,x,'
psdir='${docdir}'
sbindir='${exec_prefix}/sbin'
sharedstatedir='${prefix}/com'
sysconfdir='${prefix}/etc'
target_alias=''

## ----------- ##
## confdefs.h. ##
## ----------- ##

/* confdefs.h */
#define PACKAGE_NAME "fedit2"
#define PACKAGE_TARNAME "fedit2"
#define PACKAGE_VERSION "0.0.0"
#define PACKAGE_STRING "fedit2 0.0.0"
#define PACKAGE_BUGREPORT "akky@users.sourceforge.jp"
#define PACKAGE_URL ""
#define PACKAGE "fedit2"
#define VERSION "0.0.0"
#define HAVE_SYS_TYPES_H 1
#define HAVE_SYS_STAT_H 1
#define HAVE_STDLIB_H 1
#define HAVE_STRING_H 1
#define HAVE_MEMORY_H 1
#define HAVE_STRINGS_H 1
#define HAVE_INTTYPES_H 1
#define HAVE_STDINT_H 1
#define HAVE_UNISTD_H 1
#define HAVE_DLFCN_H 1
#define LT_OBJDIR ".libs/"
#define HAVE_BOOST /**/
#define HAVE_LIBRCSC_GZ 1
#define HAVE_STDBOOL_H 1
#define HAVE_SQRT 1
#define HAVE_RINT 1

configure: exit 0
