This file contains any messages produced by compilers while
running configure, to aid debugging if configure makes a mistake.

It was created by rcsslogplayer configure 15.1.0, which was
generated by GNU Autoconf 2.68.  Invocation command line was

  $ ./configure --with-boost-libdir=/usr/lib/x86_64-linux-gnu/

## --------- ##
## Platform. ##
## --------- ##

hostname = ubuntu
uname -m = x86_64
uname -r = 4.10.0-28-generic
uname -s = Linux
uname -v = #32~16.04.2-Ubuntu SMP Thu Jul 20 10:19:48 UTC 2017

/usr/bin/uname -p = unknown
/bin/uname -X     = unknown

/bin/arch              = unknown
/usr/bin/arch -k       = unknown
/usr/convex/getsysinfo = unknown
/usr/bin/hostinfo      = unknown
/bin/machine           = unknown
/usr/bin/oslevel       = unknown
/bin/universe          = unknown

PATH: /home/sjk1997/bin
PATH: /home/sjk1997/.local/bin
PATH: /usr/local/sbin
PATH: /usr/local/bin
PATH: /usr/sbin
PATH: /usr/bin
PATH: /sbin
PATH: /bin
PATH: /usr/games
PATH: /usr/local/games
PATH: /snap/bin


## ----------- ##
## Core tests. ##
## ----------- ##

configure:2591: checking for a BSD-compatible install
configure:2659: result: /usr/bin/install -c
configure:2670: checking whether build environment is sane
configure:2720: result: yes
configure:2861: checking for a thread-safe mkdir -p
configure:2900: result: /bin/mkdir -p
configure:2913: checking for gawk
configure:2943: result: no
configure:2913: checking for mawk
configure:2929: found /usr/bin/mawk
configure:2940: result: mawk
configure:2951: checking whether make sets $(MAKE)
configure:2973: result: yes
configure:3120: checking for g++
configure:3136: found /usr/bin/g++
configure:3147: result: g++
configure:3174: checking for C++ compiler version
configure:3183: g++ --version >&5
g++ (Ubuntu 5.4.0-6ubuntu1~16.04.4) 5.4.0 20160609
Copyright (C) 2015 Free Software Foundation, Inc.
This is free software; see the source for copying conditions.  There is NO
warranty; not even for MERCHANTABILITY or FITNESS FOR A PARTICULAR PURPOSE.

configure:3194: $? = 0
configure:3183: g++ -v >&5
Using built-in specs.
COLLECT_GCC=g++
COLLECT_LTO_WRAPPER=/usr/lib/gcc/x86_64-linux-gnu/5/lto-wrapper
Target: x86_64-linux-gnu
Configured with: ../src/configure -v --with-pkgversion='Ubuntu 5.4.0-6ubuntu1~16.04.4' --with-bugurl=file:///usr/share/doc/gcc-5/README.Bugs --enable-languages=c,ada,c++,java,go,d,fortran,objc,obj-c++ --prefix=/usr --program-suffix=-5 --enable-shared --enable-linker-build-id --libexecdir=/usr/lib --without-included-gettext --enable-threads=posix --libdir=/usr/lib --enable-nls --with-sysroot=/ --enable-clocale=gnu --enable-libstdcxx-debug --enable-libstdcxx-time=yes --with-default-libstdcxx-abi=new --enable-gnu-unique-object --disable-vtable-verify --enable-libmpx --enable-plugin --with-system-zlib --disable-browser-plugin --enable-java-awt=gtk --enable-gtk-cairo --with-java-home=/usr/lib/jvm/java-1.5.0-gcj-5-amd64/jre --enable-java-home --with-jvm-root-dir=/usr/lib/jvm/java-1.5.0-gcj-5-amd64 --with-jvm-jar-dir=/usr/lib/jvm-exports/java-1.5.0-gcj-5-amd64 --with-arch-directory=amd64 --with-ecj-jar=/usr/share/java/eclipse-ecj.jar --enable-objc-gc --enable-multiarch --disable-werror --with-arch-32=i686 --with-abi=m64 --with-multilib-list=m32,m64,mx32 --enable-multilib --with-tune=generic --enable-checking=release --build=x86_64-linux-gnu --host=x86_64-linux-gnu --target=x86_64-linux-gnu
Thread model: posix
gcc version 5.4.0 20160609 (Ubuntu 5.4.0-6ubuntu1~16.04.4) 
configure:3194: $? = 0
configure:3183: g++ -V >&5
g++: error: unrecognized command line option '-V'
g++: fatal error: no input files
compilation terminated.
configure:3194: $? = 1
configure:3183: g++ -qversion >&5
g++: error: unrecognized command line option '-qversion'
g++: fatal error: no input files
compilation terminated.
configure:3194: $? = 1
configure:3214: checking whether the C++ compiler works
configure:3236: g++    conftest.cpp  >&5
configure:3240: $? = 0
configure:3288: result: yes
configure:3291: checking for C++ compiler default output file name
configure:3293: result: a.out
configure:3299: checking for suffix of executables
configure:3306: g++ -o conftest    conftest.cpp  >&5
configure:3310: $? = 0
configure:3332: result: 
configure:3354: checking whether we are cross compiling
configure:3362: g++ -o conftest    conftest.cpp  >&5
configure:3366: $? = 0
configure:3373: ./conftest
configure:3377: $? = 0
configure:3392: result: no
configure:3397: checking for suffix of object files
configure:3419: g++ -c   conftest.cpp >&5
configure:3423: $? = 0
configure:3444: result: o
configure:3448: checking whether we are using the GNU C++ compiler
configure:3467: g++ -c   conftest.cpp >&5
configure:3467: $? = 0
configure:3476: result: yes
configure:3485: checking whether g++ accepts -g
configure:3505: g++ -c -g  conftest.cpp >&5
configure:3505: $? = 0
configure:3546: result: yes
configure:3580: checking for style of include used by make
configure:3608: result: GNU
configure:3634: checking dependency style of g++
configure:3745: result: gcc3
configure:3764: checking for gawk
configure:3791: result: mawk
configure:3850: checking for gcc
configure:3866: found /usr/bin/gcc
configure:3877: result: gcc
configure:4106: checking for C compiler version
configure:4115: gcc --version >&5
gcc (Ubuntu 5.4.0-6ubuntu1~16.04.4) 5.4.0 20160609
Copyright (C) 2015 Free Software Foundation, Inc.
This is free software; see the source for copying conditions.  There is NO
warranty; not even for MERCHANTABILITY or FITNESS FOR A PARTICULAR PURPOSE.

configure:4126: $? = 0
configure:4115: gcc -v >&5
Using built-in specs.
COLLECT_GCC=gcc
COLLECT_LTO_WRAPPER=/usr/lib/gcc/x86_64-linux-gnu/5/lto-wrapper
Target: x86_64-linux-gnu
Configured with: ../src/configure -v --with-pkgversion='Ubuntu 5.4.0-6ubuntu1~16.04.4' --with-bugurl=file:///usr/share/doc/gcc-5/README.Bugs --enable-languages=c,ada,c++,java,go,d,fortran,objc,obj-c++ --prefix=/usr --program-suffix=-5 --enable-shared --enable-linker-build-id --libexecdir=/usr/lib --without-included-gettext --enable-threads=posix --libdir=/usr/lib --enable-nls --with-sysroot=/ --enable-clocale=gnu --enable-libstdcxx-debug --enable-libstdcxx-time=yes --with-default-libstdcxx-abi=new --enable-gnu-unique-object --disable-vtable-verify --enable-libmpx --enable-plugin --with-system-zlib --disable-browser-plugin --enable-java-awt=gtk --enable-gtk-cairo --with-java-home=/usr/lib/jvm/java-1.5.0-gcj-5-amd64/jre --enable-java-home --with-jvm-root-dir=/usr/lib/jvm/java-1.5.0-gcj-5-amd64 --with-jvm-jar-dir=/usr/lib/jvm-exports/java-1.5.0-gcj-5-amd64 --with-arch-directory=amd64 --with-ecj-jar=/usr/share/java/eclipse-ecj.jar --enable-objc-gc --enable-multiarch --disable-werror --with-arch-32=i686 --with-abi=m64 --with-multilib-list=m32,m64,mx32 --enable-multilib --with-tune=generic --enable-checking=release --build=x86_64-linux-gnu --host=x86_64-linux-gnu --target=x86_64-linux-gnu
Thread model: posix
gcc version 5.4.0 20160609 (Ubuntu 5.4.0-6ubuntu1~16.04.4) 
configure:4126: $? = 0
configure:4115: gcc -V >&5
gcc: error: unrecognized command line option '-V'
gcc: fatal error: no input files
compilation terminated.
configure:4126: $? = 1
configure:4115: gcc -qversion >&5
gcc: error: unrecognized command line option '-qversion'
gcc: fatal error: no input files
compilation terminated.
configure:4126: $? = 1
configure:4130: checking whether we are using the GNU C compiler
configure:4149: gcc -c   conftest.c >&5
configure:4149: $? = 0
configure:4158: result: yes
configure:4167: checking whether gcc accepts -g
configure:4187: gcc -c -g  conftest.c >&5
configure:4187: $? = 0
configure:4228: result: yes
configure:4245: checking for gcc option to accept ISO C89
configure:4309: gcc  -c -g -O2  conftest.c >&5
configure:4309: $? = 0
configure:4322: result: none needed
configure:4344: checking dependency style of gcc
configure:4455: result: gcc3
configure:4475: checking how to run the C preprocessor
configure:4506: gcc -E  conftest.c
configure:4506: $? = 0
configure:4520: gcc -E  conftest.c
conftest.c:11:28: fatal error: ac_nonexistent.h: No such file or directory
compilation terminated.
configure:4520: $? = 1
configure: failed program was:
| /* confdefs.h */
| #define PACKAGE_NAME "rcsslogplayer"
| #define PACKAGE_TARNAME "rcsslogplayer"
| #define PACKAGE_VERSION "15.1.0"
| #define PACKAGE_STRING "rcsslogplayer 15.1.0"
| #define PACKAGE_BUGREPORT "sserver-admin@users.sf.net"
| #define PACKAGE_URL ""
| #define PACKAGE "rcsslogplayer"
| #define VERSION "15.1.0"
| /* end confdefs.h.  */
| #include <ac_nonexistent.h>
configure:4545: result: gcc -E
configure:4565: gcc -E  conftest.c
configure:4565: $? = 0
configure:4579: gcc -E  conftest.c
conftest.c:11:28: fatal error: ac_nonexistent.h: No such file or directory
compilation terminated.
configure:4579: $? = 1
configure: failed program was:
| /* confdefs.h */
| #define PACKAGE_NAME "rcsslogplayer"
| #define PACKAGE_TARNAME "rcsslogplayer"
| #define PACKAGE_VERSION "15.1.0"
| #define PACKAGE_STRING "rcsslogplayer 15.1.0"
| #define PACKAGE_BUGREPORT "sserver-admin@users.sf.net"
| #define PACKAGE_URL ""
| #define PACKAGE "rcsslogplayer"
| #define VERSION "15.1.0"
| /* end confdefs.h.  */
| #include <ac_nonexistent.h>
configure:4608: checking whether ln -s works
configure:4612: result: yes
configure:4619: checking whether make sets $(MAKE)
configure:4641: result: yes
configure:4656: checking for cos in -lm
configure:4681: gcc -o conftest -g -O2   conftest.c -lm   >&5
conftest.c:18:6: warning: conflicting types for built-in function 'cos'
 char cos ();
      ^
configure:4681: $? = 0
configure:4690: result: yes
configure:4698: checking for deflate in -lz
configure:4723: gcc -o conftest -g -O2   conftest.c -lz  -lm  >&5
configure:4723: $? = 0
configure:4732: result: yes
configure:4749: checking for grep that handles long lines and -e
configure:4807: result: /bin/grep
configure:4812: checking for egrep
configure:4874: result: /bin/grep -E
configure:4879: checking for ANSI C header files
configure:4899: gcc -c -g -O2  conftest.c >&5
configure:4899: $? = 0
configure:4972: gcc -o conftest -g -O2   conftest.c -lz -lm  >&5
configure:4972: $? = 0
configure:4972: ./conftest
configure:4972: $? = 0
configure:4983: result: yes
configure:4996: checking for sys/types.h
configure:4996: gcc -c -g -O2  conftest.c >&5
configure:4996: $? = 0
configure:4996: result: yes
configure:4996: checking for sys/stat.h
configure:4996: gcc -c -g -O2  conftest.c >&5
configure:4996: $? = 0
configure:4996: result: yes
configure:4996: checking for stdlib.h
configure:4996: gcc -c -g -O2  conftest.c >&5
configure:4996: $? = 0
configure:4996: result: yes
configure:4996: checking for string.h
configure:4996: gcc -c -g -O2  conftest.c >&5
configure:4996: $? = 0
configure:4996: result: yes
configure:4996: checking for memory.h
configure:4996: gcc -c -g -O2  conftest.c >&5
configure:4996: $? = 0
configure:4996: result: yes
configure:4996: checking for strings.h
configure:4996: gcc -c -g -O2  conftest.c >&5
configure:4996: $? = 0
configure:4996: result: yes
configure:4996: checking for inttypes.h
configure:4996: gcc -c -g -O2  conftest.c >&5
configure:4996: $? = 0
configure:4996: result: yes
configure:4996: checking for stdint.h
configure:4996: gcc -c -g -O2  conftest.c >&5
configure:4996: $? = 0
configure:4996: result: yes
configure:4996: checking for unistd.h
configure:4996: gcc -c -g -O2  conftest.c >&5
configure:4996: $? = 0
configure:4996: result: yes
configure:5011: checking arpa/inet.h usability
configure:5011: gcc -c -g -O2  conftest.c >&5
configure:5011: $? = 0
configure:5011: result: yes
configure:5011: checking arpa/inet.h presence
configure:5011: gcc -E  conftest.c
configure:5011: $? = 0
configure:5011: result: yes
configure:5011: checking for arpa/inet.h
configure:5011: result: yes
configure:5011: checking fcntl.h usability
configure:5011: gcc -c -g -O2  conftest.c >&5
configure:5011: $? = 0
configure:5011: result: yes
configure:5011: checking fcntl.h presence
configure:5011: gcc -E  conftest.c
configure:5011: $? = 0
configure:5011: result: yes
configure:5011: checking for fcntl.h
configure:5011: result: yes
configure:5011: checking netdb.h usability
configure:5011: gcc -c -g -O2  conftest.c >&5
configure:5011: $? = 0
configure:5011: result: yes
configure:5011: checking netdb.h presence
configure:5011: gcc -E  conftest.c
configure:5011: $? = 0
configure:5011: result: yes
configure:5011: checking for netdb.h
configure:5011: result: yes
configure:5024: checking netinet/in.h usability
configure:5024: gcc -c -g -O2  conftest.c >&5
configure:5024: $? = 0
configure:5024: result: yes
configure:5024: checking netinet/in.h presence
configure:5024: gcc -E  conftest.c
configure:5024: $? = 0
configure:5024: result: yes
configure:5024: checking for netinet/in.h
configure:5024: result: yes
configure:5024: checking sys/time.h usability
configure:5024: gcc -c -g -O2  conftest.c >&5
configure:5024: $? = 0
configure:5024: result: yes
configure:5024: checking sys/time.h presence
configure:5024: gcc -E  conftest.c
configure:5024: $? = 0
configure:5024: result: yes
configure:5024: checking for sys/time.h
configure:5024: result: yes
configure:5024: checking for unistd.h
configure:5024: result: yes
configure:5133: checking build system type
configure:5147: result: x86_64-unknown-linux-gnu
configure:5167: checking host system type
configure:5180: result: x86_64-unknown-linux-gnu
configure:5221: checking how to print strings
configure:5248: result: printf
configure:5269: checking for a sed that does not truncate output
configure:5333: result: /bin/sed
configure:5351: checking for fgrep
configure:5413: result: /bin/grep -F
configure:5448: checking for ld used by gcc
configure:5515: result: /usr/bin/ld
configure:5522: checking if the linker (/usr/bin/ld) is GNU ld
configure:5537: result: yes
configure:5549: checking for BSD- or MS-compatible name lister (nm)
configure:5598: result: /usr/bin/nm -B
configure:5728: checking the name lister (/usr/bin/nm -B) interface
configure:5735: gcc -c -g -O2  conftest.c >&5
configure:5738: /usr/bin/nm -B "conftest.o"
configure:5741: output
0000000000000000 B some_variable
configure:5748: result: BSD nm
configure:5752: checking the maximum length of command line arguments
configure:5882: result: 1572864
configure:5899: checking whether the shell understands some XSI constructs
configure:5909: result: yes
configure:5913: checking whether the shell understands "+="
configure:5919: result: yes
configure:5954: checking how to convert x86_64-unknown-linux-gnu file names to x86_64-unknown-linux-gnu format
configure:5994: result: func_convert_file_noop
configure:6001: checking how to convert x86_64-unknown-linux-gnu file names to toolchain format
configure:6021: result: func_convert_file_noop
configure:6028: checking for /usr/bin/ld option to reload object files
configure:6035: result: -r
configure:6109: checking for objdump
configure:6125: found /usr/bin/objdump
configure:6136: result: objdump
configure:6168: checking how to recognize dependent libraries
configure:6370: result: pass_all
configure:6455: checking for dlltool
configure:6485: result: no
configure:6515: checking how to associate runtime and link libraries
configure:6542: result: printf %s\n
configure:6602: checking for ar
configure:6618: found /usr/bin/ar
configure:6629: result: ar
configure:6666: checking for archiver @FILE support
configure:6683: gcc -c -g -O2  conftest.c >&5
configure:6683: $? = 0
configure:6686: ar cru libconftest.a @conftest.lst >&5
ar: `u' modifier ignored since `D' is the default (see `U')
configure:6689: $? = 0
configure:6694: ar cru libconftest.a @conftest.lst >&5
ar: `u' modifier ignored since `D' is the default (see `U')
ar: conftest.o: No such file or directory
configure:6697: $? = 1
configure:6709: result: @
configure:6767: checking for strip
configure:6783: found /usr/bin/strip
configure:6794: result: strip
configure:6866: checking for ranlib
configure:6882: found /usr/bin/ranlib
configure:6893: result: ranlib
configure:6995: checking command to parse /usr/bin/nm -B output from gcc object
configure:7115: gcc -c -g -O2  conftest.c >&5
configure:7118: $? = 0
configure:7122: /usr/bin/nm -B conftest.o \| sed -n -e 's/^.*[ ]\([ABCDGIRSTW][ABCDGIRSTW]*\)[ ][ ]*\([_A-Za-z][_A-Za-z0-9]*\)$/\1 \2 \2/p' | sed '/ __gnu_lto/d' \> conftest.nm
configure:7125: $? = 0
configure:7191: gcc -o conftest -g -O2   conftest.c conftstm.o >&5
configure:7194: $? = 0
configure:7232: result: ok
configure:7269: checking for sysroot
configure:7299: result: no
configure:7376: gcc -c -g -O2  conftest.c >&5
configure:7379: $? = 0
configure:7555: checking for mt
configure:7571: found /bin/mt
configure:7582: result: mt
configure:7605: checking if mt is a manifest tool
configure:7611: mt '-?'
configure:7619: result: no
configure:8258: checking for dlfcn.h
configure:8258: gcc -c -g -O2  conftest.c >&5
configure:8258: $? = 0
configure:8258: result: yes
configure:8415: checking for objdir
configure:8430: result: .libs
configure:8701: checking if gcc supports -fno-rtti -fno-exceptions
configure:8719: gcc -c -g -O2  -fno-rtti -fno-exceptions conftest.c >&5
cc1: warning: command line option '-fno-rtti' is valid for C++/ObjC++ but not for C
configure:8723: $? = 0
configure:8736: result: no
configure:9063: checking for gcc option to produce PIC
configure:9070: result: -fPIC -DPIC
configure:9078: checking if gcc PIC flag -fPIC -DPIC works
configure:9096: gcc -c -g -O2  -fPIC -DPIC -DPIC conftest.c >&5
configure:9100: $? = 0
configure:9113: result: yes
configure:9142: checking if gcc static flag -static works
configure:9170: result: yes
configure:9185: checking if gcc supports -c -o file.o
configure:9206: gcc -c -g -O2  -o out/conftest2.o conftest.c >&5
configure:9210: $? = 0
configure:9232: result: yes
configure:9240: checking if gcc supports -c -o file.o
configure:9287: result: yes
configure:9320: checking whether the gcc linker (/usr/bin/ld -m elf_x86_64) supports shared libraries
configure:10477: result: yes
configure:10514: checking whether -lc should be explicitly linked in
configure:10522: gcc -c -g -O2  conftest.c >&5
configure:10525: $? = 0
configure:10540: gcc -shared  -fPIC -DPIC conftest.o  -v -Wl,-soname -Wl,conftest -o conftest 2\>\&1 \| /bin/grep  -lc  \>/dev/null 2\>\&1
configure:10543: $? = 0
configure:10557: result: no
configure:10717: checking dynamic linker characteristics
configure:11228: gcc -o conftest -g -O2   -Wl,-rpath -Wl,/foo conftest.c -lz -lm  >&5
configure:11228: $? = 0
configure:11462: result: GNU/Linux ld.so
configure:11569: checking how to hardcode library paths into programs
configure:11594: result: immediate
configure:12134: checking whether stripping libraries is possible
configure:12139: result: yes
configure:12174: checking if libtool supports shared libraries
configure:12176: result: yes
configure:12179: checking whether to build shared libraries
configure:12200: result: yes
configure:12203: checking whether to build static libraries
configure:12207: result: no
configure:12230: checking how to run the C++ preprocessor
configure:12257: g++ -E  conftest.cpp
configure:12257: $? = 0
configure:12271: g++ -E  conftest.cpp
conftest.cpp:30:28: fatal error: ac_nonexistent.h: No such file or directory
compilation terminated.
configure:12271: $? = 1
configure: failed program was:
| /* confdefs.h */
| #define PACKAGE_NAME "rcsslogplayer"
| #define PACKAGE_TARNAME "rcsslogplayer"
| #define PACKAGE_VERSION "15.1.0"
| #define PACKAGE_STRING "rcsslogplayer 15.1.0"
| #define PACKAGE_BUGREPORT "sserver-admin@users.sf.net"
| #define PACKAGE_URL ""
| #define PACKAGE "rcsslogplayer"
| #define VERSION "15.1.0"
| #define HAVE_LIBZ 1
| #define STDC_HEADERS 1
| #define HAVE_SYS_TYPES_H 1
| #define HAVE_SYS_STAT_H 1
| #define HAVE_STDLIB_H 1
| #define HAVE_STRING_H 1
| #define HAVE_MEMORY_H 1
| #define HAVE_STRINGS_H 1
| #define HAVE_INTTYPES_H 1
| #define HAVE_STDINT_H 1
| #define HAVE_UNISTD_H 1
| #define HAVE_ARPA_INET_H 1
| #define HAVE_FCNTL_H 1
| #define HAVE_NETDB_H 1
| #define HAVE_NETINET_IN_H 1
| #define HAVE_SYS_TIME_H 1
| #define HAVE_UNISTD_H 1
| #define HAVE_DLFCN_H 1
| #define LT_OBJDIR ".libs/"
| /* end confdefs.h.  */
| #include <ac_nonexistent.h>
configure:12296: result: g++ -E
configure:12316: g++ -E  conftest.cpp
configure:12316: $? = 0
configure:12330: g++ -E  conftest.cpp
conftest.cpp:30:28: fatal error: ac_nonexistent.h: No such file or directory
compilation terminated.
configure:12330: $? = 1
configure: failed program was:
| /* confdefs.h */
| #define PACKAGE_NAME "rcsslogplayer"
| #define PACKAGE_TARNAME "rcsslogplayer"
| #define PACKAGE_VERSION "15.1.0"
| #define PACKAGE_STRING "rcsslogplayer 15.1.0"
| #define PACKAGE_BUGREPORT "sserver-admin@users.sf.net"
| #define PACKAGE_URL ""
| #define PACKAGE "rcsslogplayer"
| #define VERSION "15.1.0"
| #define HAVE_LIBZ 1
| #define STDC_HEADERS 1
| #define HAVE_SYS_TYPES_H 1
| #define HAVE_SYS_STAT_H 1
| #define HAVE_STDLIB_H 1
| #define HAVE_STRING_H 1
| #define HAVE_MEMORY_H 1
| #define HAVE_STRINGS_H 1
| #define HAVE_INTTYPES_H 1
| #define HAVE_STDINT_H 1
| #define HAVE_UNISTD_H 1
| #define HAVE_ARPA_INET_H 1
| #define HAVE_FCNTL_H 1
| #define HAVE_NETDB_H 1
| #define HAVE_NETINET_IN_H 1
| #define HAVE_SYS_TIME_H 1
| #define HAVE_UNISTD_H 1
| #define HAVE_DLFCN_H 1
| #define LT_OBJDIR ".libs/"
| /* end confdefs.h.  */
| #include <ac_nonexistent.h>
configure:12499: checking for ld used by g++
configure:12566: result: /usr/bin/ld -m elf_x86_64
configure:12573: checking if the linker (/usr/bin/ld -m elf_x86_64) is GNU ld
configure:12588: result: yes
configure:12643: checking whether the g++ linker (/usr/bin/ld -m elf_x86_64) supports shared libraries
configure:13648: result: yes
configure:13684: g++ -c -g -O2  conftest.cpp >&5
configure:13687: $? = 0
configure:14207: checking for g++ option to produce PIC
configure:14214: result: -fPIC -DPIC
configure:14222: checking if g++ PIC flag -fPIC -DPIC works
configure:14240: g++ -c -g -O2  -fPIC -DPIC -DPIC conftest.cpp >&5
configure:14244: $? = 0
configure:14257: result: yes
configure:14280: checking if g++ static flag -static works
configure:14308: result: yes
configure:14320: checking if g++ supports -c -o file.o
configure:14341: g++ -c -g -O2  -o out/conftest2.o conftest.cpp >&5
configure:14345: $? = 0
configure:14367: result: yes
configure:14372: checking if g++ supports -c -o file.o
configure:14419: result: yes
configure:14449: checking whether the g++ linker (/usr/bin/ld -m elf_x86_64) supports shared libraries
configure:14488: result: yes
configure:14629: checking dynamic linker characteristics
configure:15308: result: GNU/Linux ld.so
configure:15361: checking how to hardcode library paths into programs
configure:15386: result: immediate
configure:15453: checking for stdbool.h that conforms to C99
configure:15520: gcc -c -g -O2  conftest.c >&5
configure:15520: $? = 0
configure:15527: result: yes
configure:15529: checking for _Bool
configure:15529: gcc -c -g -O2  conftest.c >&5
configure:15529: $? = 0
configure:15529: gcc -c -g -O2  conftest.c >&5
conftest.c: In function 'main':
conftest.c:66:20: error: expected expression before ')' token
 if (sizeof ((_Bool)))
                    ^
configure:15529: $? = 1
configure: failed program was:
| /* confdefs.h */
| #define PACKAGE_NAME "rcsslogplayer"
| #define PACKAGE_TARNAME "rcsslogplayer"
| #define PACKAGE_VERSION "15.1.0"
| #define PACKAGE_STRING "rcsslogplayer 15.1.0"
| #define PACKAGE_BUGREPORT "sserver-admin@users.sf.net"
| #define PACKAGE_URL ""
| #define PACKAGE "rcsslogplayer"
| #define VERSION "15.1.0"
| #define HAVE_LIBZ 1
| #define STDC_HEADERS 1
| #define HAVE_SYS_TYPES_H 1
| #define HAVE_SYS_STAT_H 1
| #define HAVE_STDLIB_H 1
| #define HAVE_STRING_H 1
| #define HAVE_MEMORY_H 1
| #define HAVE_STRINGS_H 1
| #define HAVE_INTTYPES_H 1
| #define HAVE_STDINT_H 1
| #define HAVE_UNISTD_H 1
| #define HAVE_ARPA_INET_H 1
| #define HAVE_FCNTL_H 1
| #define HAVE_NETDB_H 1
| #define HAVE_NETINET_IN_H 1
| #define HAVE_SYS_TIME_H 1
| #define HAVE_UNISTD_H 1
| #define HAVE_DLFCN_H 1
| #define LT_OBJDIR ".libs/"
| /* end confdefs.h.  */
| #include <stdio.h>
| #ifdef HAVE_SYS_TYPES_H
| # include <sys/types.h>
| #endif
| #ifdef HAVE_SYS_STAT_H
| # include <sys/stat.h>
| #endif
| #ifdef STDC_HEADERS
| # include <stdlib.h>
| # include <stddef.h>
| #else
| # ifdef HAVE_STDLIB_H
| #  include <stdlib.h>
| # endif
| #endif
| #ifdef HAVE_STRING_H
| # if !defined STDC_HEADERS && defined HAVE_MEMORY_H
| #  include <memory.h>
| # endif
| # include <string.h>
| #endif
| #ifdef HAVE_STRINGS_H
| # include <strings.h>
| #endif
| #ifdef HAVE_INTTYPES_H
| # include <inttypes.h>
| #endif
| #ifdef HAVE_STDINT_H
| # include <stdint.h>
| #endif
| #ifdef HAVE_UNISTD_H
| # include <unistd.h>
| #endif
| int
| main ()
| {
| if (sizeof ((_Bool)))
| 	    return 0;
|   ;
|   return 0;
| }
configure:15529: result: yes
configure:15545: checking for an ANSI C-conforming const
configure:15610: gcc -c -g -O2  conftest.c >&5
configure:15610: $? = 0
configure:15617: result: yes
configure:15625: checking for inline
configure:15641: gcc -c -g -O2  conftest.c >&5
configure:15641: $? = 0
configure:15649: result: inline
configure:15667: checking for int16_t
configure:15667: gcc -c -g -O2  conftest.c >&5
configure:15667: $? = 0
configure:15667: gcc -c -g -O2  conftest.c >&5
conftest.c: In function 'main':
conftest.c:69:12: error: size of array 'test_array' is negative
 static int test_array [1 - 2 * !((int16_t) (((((int16_t) 1 << N) << N) - 1) * 2 + 1)
            ^
configure:15667: $? = 1
configure: failed program was:
| /* confdefs.h */
| #define PACKAGE_NAME "rcsslogplayer"
| #define PACKAGE_TARNAME "rcsslogplayer"
| #define PACKAGE_VERSION "15.1.0"
| #define PACKAGE_STRING "rcsslogplayer 15.1.0"
| #define PACKAGE_BUGREPORT "sserver-admin@users.sf.net"
| #define PACKAGE_URL ""
| #define PACKAGE "rcsslogplayer"
| #define VERSION "15.1.0"
| #define HAVE_LIBZ 1
| #define STDC_HEADERS 1
| #define HAVE_SYS_TYPES_H 1
| #define HAVE_SYS_STAT_H 1
| #define HAVE_STDLIB_H 1
| #define HAVE_STRING_H 1
| #define HAVE_MEMORY_H 1
| #define HAVE_STRINGS_H 1
| #define HAVE_INTTYPES_H 1
| #define HAVE_STDINT_H 1
| #define HAVE_UNISTD_H 1
| #define HAVE_ARPA_INET_H 1
| #define HAVE_FCNTL_H 1
| #define HAVE_NETDB_H 1
| #define HAVE_NETINET_IN_H 1
| #define HAVE_SYS_TIME_H 1
| #define HAVE_UNISTD_H 1
| #define HAVE_DLFCN_H 1
| #define LT_OBJDIR ".libs/"
| #define HAVE__BOOL 1
| #define HAVE_STDBOOL_H 1
| /* end confdefs.h.  */
| #include <stdio.h>
| #ifdef HAVE_SYS_TYPES_H
| # include <sys/types.h>
| #endif
| #ifdef HAVE_SYS_STAT_H
| # include <sys/stat.h>
| #endif
| #ifdef STDC_HEADERS
| # include <stdlib.h>
| # include <stddef.h>
| #else
| # ifdef HAVE_STDLIB_H
| #  include <stdlib.h>
| # endif
| #endif
| #ifdef HAVE_STRING_H
| # if !defined STDC_HEADERS && defined HAVE_MEMORY_H
| #  include <memory.h>
| # endif
| # include <string.h>
| #endif
| #ifdef HAVE_STRINGS_H
| # include <strings.h>
| #endif
| #ifdef HAVE_INTTYPES_H
| # include <inttypes.h>
| #endif
| #ifdef HAVE_STDINT_H
| # include <stdint.h>
| #endif
| #ifdef HAVE_UNISTD_H
| # include <unistd.h>
| #endif
| 	        enum { N = 16 / 2 - 1 };
| int
| main ()
| {
| static int test_array [1 - 2 * !((int16_t) (((((int16_t) 1 << N) << N) - 1) * 2 + 1)
| 		 < (int16_t) (((((int16_t) 1 << N) << N) - 1) * 2 + 2))];
| test_array [0] = 0
| 
|   ;
|   return 0;
| }
configure:15667: result: yes
configure:15678: checking for int32_t
configure:15678: gcc -c -g -O2  conftest.c >&5
configure:15678: $? = 0
configure:15678: gcc -c -g -O2  conftest.c >&5
conftest.c: In function 'main':
conftest.c:70:53: warning: integer overflow in expression [-Woverflow]
    < (int32_t) (((((int32_t) 1 << N) << N) - 1) * 2 + 2))];
                                                     ^
conftest.c:69:12: error: storage size of 'test_array' isn't constant
 static int test_array [1 - 2 * !((int32_t) (((((int32_t) 1 << N) << N) - 1) * 2 + 1)
            ^
configure:15678: $? = 1
configure: failed program was:
| /* confdefs.h */
| #define PACKAGE_NAME "rcsslogplayer"
| #define PACKAGE_TARNAME "rcsslogplayer"
| #define PACKAGE_VERSION "15.1.0"
| #define PACKAGE_STRING "rcsslogplayer 15.1.0"
| #define PACKAGE_BUGREPORT "sserver-admin@users.sf.net"
| #define PACKAGE_URL ""
| #define PACKAGE "rcsslogplayer"
| #define VERSION "15.1.0"
| #define HAVE_LIBZ 1
| #define STDC_HEADERS 1
| #define HAVE_SYS_TYPES_H 1
| #define HAVE_SYS_STAT_H 1
| #define HAVE_STDLIB_H 1
| #define HAVE_STRING_H 1
| #define HAVE_MEMORY_H 1
| #define HAVE_STRINGS_H 1
| #define HAVE_INTTYPES_H 1
| #define HAVE_STDINT_H 1
| #define HAVE_UNISTD_H 1
| #define HAVE_ARPA_INET_H 1
| #define HAVE_FCNTL_H 1
| #define HAVE_NETDB_H 1
| #define HAVE_NETINET_IN_H 1
| #define HAVE_SYS_TIME_H 1
| #define HAVE_UNISTD_H 1
| #define HAVE_DLFCN_H 1
| #define LT_OBJDIR ".libs/"
| #define HAVE__BOOL 1
| #define HAVE_STDBOOL_H 1
| /* end confdefs.h.  */
| #include <stdio.h>
| #ifdef HAVE_SYS_TYPES_H
| # include <sys/types.h>
| #endif
| #ifdef HAVE_SYS_STAT_H
| # include <sys/stat.h>
| #endif
| #ifdef STDC_HEADERS
| # include <stdlib.h>
| # include <stddef.h>
| #else
| # ifdef HAVE_STDLIB_H
| #  include <stdlib.h>
| # endif
| #endif
| #ifdef HAVE_STRING_H
| # if !defined STDC_HEADERS && defined HAVE_MEMORY_H
| #  include <memory.h>
| # endif
| # include <string.h>
| #endif
| #ifdef HAVE_STRINGS_H
| # include <strings.h>
| #endif
| #ifdef HAVE_INTTYPES_H
| # include <inttypes.h>
| #endif
| #ifdef HAVE_STDINT_H
| # include <stdint.h>
| #endif
| #ifdef HAVE_UNISTD_H
| # include <unistd.h>
| #endif
| 	        enum { N = 32 / 2 - 1 };
| int
| main ()
| {
| static int test_array [1 - 2 * !((int32_t) (((((int32_t) 1 << N) << N) - 1) * 2 + 1)
| 		 < (int32_t) (((((int32_t) 1 << N) << N) - 1) * 2 + 2))];
| test_array [0] = 0
| 
|   ;
|   return 0;
| }
configure:15678: result: yes
configure:15689: checking for size_t
configure:15689: gcc -c -g -O2  conftest.c >&5
configure:15689: $? = 0
configure:15689: gcc -c -g -O2  conftest.c >&5
conftest.c: In function 'main':
conftest.c:68:21: error: expected expression before ')' token
 if (sizeof ((size_t)))
                     ^
configure:15689: $? = 1
configure: failed program was:
| /* confdefs.h */
| #define PACKAGE_NAME "rcsslogplayer"
| #define PACKAGE_TARNAME "rcsslogplayer"
| #define PACKAGE_VERSION "15.1.0"
| #define PACKAGE_STRING "rcsslogplayer 15.1.0"
| #define PACKAGE_BUGREPORT "sserver-admin@users.sf.net"
| #define PACKAGE_URL ""
| #define PACKAGE "rcsslogplayer"
| #define VERSION "15.1.0"
| #define HAVE_LIBZ 1
| #define STDC_HEADERS 1
| #define HAVE_SYS_TYPES_H 1
| #define HAVE_SYS_STAT_H 1
| #define HAVE_STDLIB_H 1
| #define HAVE_STRING_H 1
| #define HAVE_MEMORY_H 1
| #define HAVE_STRINGS_H 1
| #define HAVE_INTTYPES_H 1
| #define HAVE_STDINT_H 1
| #define HAVE_UNISTD_H 1
| #define HAVE_ARPA_INET_H 1
| #define HAVE_FCNTL_H 1
| #define HAVE_NETDB_H 1
| #define HAVE_NETINET_IN_H 1
| #define HAVE_SYS_TIME_H 1
| #define HAVE_UNISTD_H 1
| #define HAVE_DLFCN_H 1
| #define LT_OBJDIR ".libs/"
| #define HAVE__BOOL 1
| #define HAVE_STDBOOL_H 1
| /* end confdefs.h.  */
| #include <stdio.h>
| #ifdef HAVE_SYS_TYPES_H
| # include <sys/types.h>
| #endif
| #ifdef HAVE_SYS_STAT_H
| # include <sys/stat.h>
| #endif
| #ifdef STDC_HEADERS
| # include <stdlib.h>
| # include <stddef.h>
| #else
| # ifdef HAVE_STDLIB_H
| #  include <stdlib.h>
| # endif
| #endif
| #ifdef HAVE_STRING_H
| # if !defined STDC_HEADERS && defined HAVE_MEMORY_H
| #  include <memory.h>
| # endif
| # include <string.h>
| #endif
| #ifdef HAVE_STRINGS_H
| # include <strings.h>
| #endif
| #ifdef HAVE_INTTYPES_H
| # include <inttypes.h>
| #endif
| #ifdef HAVE_STDINT_H
| # include <stdint.h>
| #endif
| #ifdef HAVE_UNISTD_H
| # include <unistd.h>
| #endif
| int
| main ()
| {
| if (sizeof ((size_t)))
| 	    return 0;
|   ;
|   return 0;
| }
configure:15689: result: yes
configure:15700: checking whether time.h and sys/time.h may both be included
configure:15720: gcc -c -g -O2  conftest.c >&5
configure:15720: $? = 0
configure:15727: result: yes
configure:15735: checking for uint16_t
configure:15735: gcc -c -g -O2  conftest.c >&5
configure:15735: $? = 0
configure:15735: result: yes
configure:15747: checking for uint32_t
configure:15747: gcc -c -g -O2  conftest.c >&5
configure:15747: $? = 0
configure:15747: result: yes
configure:15762: checking for socklen_t
configure:15762: gcc -c -g -O2  conftest.c >&5
configure:15762: $? = 0
configure:15762: gcc -c -g -O2  conftest.c >&5
conftest.c: In function 'main':
conftest.c:41:24: error: expected expression before ')' token
 if (sizeof ((socklen_t)))
                        ^
configure:15762: $? = 1
configure: failed program was:
| /* confdefs.h */
| #define PACKAGE_NAME "rcsslogplayer"
| #define PACKAGE_TARNAME "rcsslogplayer"
| #define PACKAGE_VERSION "15.1.0"
| #define PACKAGE_STRING "rcsslogplayer 15.1.0"
| #define PACKAGE_BUGREPORT "sserver-admin@users.sf.net"
| #define PACKAGE_URL ""
| #define PACKAGE "rcsslogplayer"
| #define VERSION "15.1.0"
| #define HAVE_LIBZ 1
| #define STDC_HEADERS 1
| #define HAVE_SYS_TYPES_H 1
| #define HAVE_SYS_STAT_H 1
| #define HAVE_STDLIB_H 1
| #define HAVE_STRING_H 1
| #define HAVE_MEMORY_H 1
| #define HAVE_STRINGS_H 1
| #define HAVE_INTTYPES_H 1
| #define HAVE_STDINT_H 1
| #define HAVE_UNISTD_H 1
| #define HAVE_ARPA_INET_H 1
| #define HAVE_FCNTL_H 1
| #define HAVE_NETDB_H 1
| #define HAVE_NETINET_IN_H 1
| #define HAVE_SYS_TIME_H 1
| #define HAVE_UNISTD_H 1
| #define HAVE_DLFCN_H 1
| #define LT_OBJDIR ".libs/"
| #define HAVE__BOOL 1
| #define HAVE_STDBOOL_H 1
| #define TIME_WITH_SYS_TIME 1
| /* end confdefs.h.  */
| 
| #include <sys/types.h>
| #include <sys/socket.h>
| 
| 
| int
| main ()
| {
| if (sizeof ((socklen_t)))
| 	    return 0;
|   ;
|   return 0;
| }
configure:15762: result: yes
configure:15781: checking for ANSI C header files
configure:15885: result: yes
configure:15893: checking for pid_t
configure:15893: gcc -c -g -O2  conftest.c >&5
configure:15893: $? = 0
configure:15893: gcc -c -g -O2  conftest.c >&5
conftest.c: In function 'main':
conftest.c:71:20: error: expected expression before ')' token
 if (sizeof ((pid_t)))
                    ^
configure:15893: $? = 1
configure: failed program was:
| /* confdefs.h */
| #define PACKAGE_NAME "rcsslogplayer"
| #define PACKAGE_TARNAME "rcsslogplayer"
| #define PACKAGE_VERSION "15.1.0"
| #define PACKAGE_STRING "rcsslogplayer 15.1.0"
| #define PACKAGE_BUGREPORT "sserver-admin@users.sf.net"
| #define PACKAGE_URL ""
| #define PACKAGE "rcsslogplayer"
| #define VERSION "15.1.0"
| #define HAVE_LIBZ 1
| #define STDC_HEADERS 1
| #define HAVE_SYS_TYPES_H 1
| #define HAVE_SYS_STAT_H 1
| #define HAVE_STDLIB_H 1
| #define HAVE_STRING_H 1
| #define HAVE_MEMORY_H 1
| #define HAVE_STRINGS_H 1
| #define HAVE_INTTYPES_H 1
| #define HAVE_STDINT_H 1
| #define HAVE_UNISTD_H 1
| #define HAVE_ARPA_INET_H 1
| #define HAVE_FCNTL_H 1
| #define HAVE_NETDB_H 1
| #define HAVE_NETINET_IN_H 1
| #define HAVE_SYS_TIME_H 1
| #define HAVE_UNISTD_H 1
| #define HAVE_DLFCN_H 1
| #define LT_OBJDIR ".libs/"
| #define HAVE__BOOL 1
| #define HAVE_STDBOOL_H 1
| #define TIME_WITH_SYS_TIME 1
| #define HAVE_SOCKLEN_T 1
| #define STDC_HEADERS 1
| /* end confdefs.h.  */
| #include <stdio.h>
| #ifdef HAVE_SYS_TYPES_H
| # include <sys/types.h>
| #endif
| #ifdef HAVE_SYS_STAT_H
| # include <sys/stat.h>
| #endif
| #ifdef STDC_HEADERS
| # include <stdlib.h>
| # include <stddef.h>
| #else
| # ifdef HAVE_STDLIB_H
| #  include <stdlib.h>
| # endif
| #endif
| #ifdef HAVE_STRING_H
| # if !defined STDC_HEADERS && defined HAVE_MEMORY_H
| #  include <memory.h>
| # endif
| # include <string.h>
| #endif
| #ifdef HAVE_STRINGS_H
| # include <strings.h>
| #endif
| #ifdef HAVE_INTTYPES_H
| # include <inttypes.h>
| #endif
| #ifdef HAVE_STDINT_H
| # include <stdint.h>
| #endif
| #ifdef HAVE_UNISTD_H
| # include <unistd.h>
| #endif
| int
| main ()
| {
| if (sizeof ((pid_t)))
| 	    return 0;
|   ;
|   return 0;
| }
configure:15893: result: yes
configure:15906: checking vfork.h usability
configure:15906: gcc -c -g -O2  conftest.c >&5
conftest.c:68:19: fatal error: vfork.h: No such file or directory
compilation terminated.
configure:15906: $? = 1
configure: failed program was:
| /* confdefs.h */
| #define PACKAGE_NAME "rcsslogplayer"
| #define PACKAGE_TARNAME "rcsslogplayer"
| #define PACKAGE_VERSION "15.1.0"
| #define PACKAGE_STRING "rcsslogplayer 15.1.0"
| #define PACKAGE_BUGREPORT "sserver-admin@users.sf.net"
| #define PACKAGE_URL ""
| #define PACKAGE "rcsslogplayer"
| #define VERSION "15.1.0"
| #define HAVE_LIBZ 1
| #define STDC_HEADERS 1
| #define HAVE_SYS_TYPES_H 1
| #define HAVE_SYS_STAT_H 1
| #define HAVE_STDLIB_H 1
| #define HAVE_STRING_H 1
| #define HAVE_MEMORY_H 1
| #define HAVE_STRINGS_H 1
| #define HAVE_INTTYPES_H 1
| #define HAVE_STDINT_H 1
| #define HAVE_UNISTD_H 1
| #define HAVE_ARPA_INET_H 1
| #define HAVE_FCNTL_H 1
| #define HAVE_NETDB_H 1
| #define HAVE_NETINET_IN_H 1
| #define HAVE_SYS_TIME_H 1
| #define HAVE_UNISTD_H 1
| #define HAVE_DLFCN_H 1
| #define LT_OBJDIR ".libs/"
| #define HAVE__BOOL 1
| #define HAVE_STDBOOL_H 1
| #define TIME_WITH_SYS_TIME 1
| #define HAVE_SOCKLEN_T 1
| #define STDC_HEADERS 1
| /* end confdefs.h.  */
| #include <stdio.h>
| #ifdef HAVE_SYS_TYPES_H
| # include <sys/types.h>
| #endif
| #ifdef HAVE_SYS_STAT_H
| # include <sys/stat.h>
| #endif
| #ifdef STDC_HEADERS
| # include <stdlib.h>
| # include <stddef.h>
| #else
| # ifdef HAVE_STDLIB_H
| #  include <stdlib.h>
| # endif
| #endif
| #ifdef HAVE_STRING_H
| # if !defined STDC_HEADERS && defined HAVE_MEMORY_H
| #  include <memory.h>
| # endif
| # include <string.h>
| #endif
| #ifdef HAVE_STRINGS_H
| # include <strings.h>
| #endif
| #ifdef HAVE_INTTYPES_H
| # include <inttypes.h>
| #endif
| #ifdef HAVE_STDINT_H
| # include <stdint.h>
| #endif
| #ifdef HAVE_UNISTD_H
| # include <unistd.h>
| #endif
| #include <vfork.h>
configure:15906: result: no
configure:15906: checking vfork.h presence
configure:15906: gcc -E  conftest.c
conftest.c:35:19: fatal error: vfork.h: No such file or directory
compilation terminated.
configure:15906: $? = 1
configure: failed program was:
| /* confdefs.h */
| #define PACKAGE_NAME "rcsslogplayer"
| #define PACKAGE_TARNAME "rcsslogplayer"
| #define PACKAGE_VERSION "15.1.0"
| #define PACKAGE_STRING "rcsslogplayer 15.1.0"
| #define PACKAGE_BUGREPORT "sserver-admin@users.sf.net"
| #define PACKAGE_URL ""
| #define PACKAGE "rcsslogplayer"
| #define VERSION "15.1.0"
| #define HAVE_LIBZ 1
| #define STDC_HEADERS 1
| #define HAVE_SYS_TYPES_H 1
| #define HAVE_SYS_STAT_H 1
| #define HAVE_STDLIB_H 1
| #define HAVE_STRING_H 1
| #define HAVE_MEMORY_H 1
| #define HAVE_STRINGS_H 1
| #define HAVE_INTTYPES_H 1
| #define HAVE_STDINT_H 1
| #define HAVE_UNISTD_H 1
| #define HAVE_ARPA_INET_H 1
| #define HAVE_FCNTL_H 1
| #define HAVE_NETDB_H 1
| #define HAVE_NETINET_IN_H 1
| #define HAVE_SYS_TIME_H 1
| #define HAVE_UNISTD_H 1
| #define HAVE_DLFCN_H 1
| #define LT_OBJDIR ".libs/"
| #define HAVE__BOOL 1
| #define HAVE_STDBOOL_H 1
| #define TIME_WITH_SYS_TIME 1
| #define HAVE_SOCKLEN_T 1
| #define STDC_HEADERS 1
| /* end confdefs.h.  */
| #include <vfork.h>
configure:15906: result: no
configure:15906: checking for vfork.h
configure:15906: result: no
configure:15919: checking for fork
configure:15919: gcc -o conftest -g -O2   conftest.c -lz -lm  >&5
conftest.c:58:6: warning: conflicting types for built-in function 'fork'
 char fork ();
      ^
configure:15919: $? = 0
configure:15919: result: yes
configure:15919: checking for vfork
configure:15919: gcc -o conftest -g -O2   conftest.c -lz -lm  >&5
configure:15919: $? = 0
configure:15919: result: yes
configure:15929: checking for working fork
configure:15951: gcc -o conftest -g -O2   conftest.c -lz -lm  >&5
configure:15951: $? = 0
configure:15951: ./conftest
configure:15951: $? = 0
configure:15961: result: yes
configure:15982: checking for working vfork
configure:16092: result: yes
configure:16120: checking sys/select.h usability
configure:16120: gcc -c -g -O2  conftest.c >&5
configure:16120: $? = 0
configure:16120: result: yes
configure:16120: checking sys/select.h presence
configure:16120: gcc -E  conftest.c
configure:16120: $? = 0
configure:16120: result: yes
configure:16120: checking for sys/select.h
configure:16120: result: yes
configure:16120: checking sys/socket.h usability
configure:16120: gcc -c -g -O2  conftest.c >&5
configure:16120: $? = 0
configure:16120: result: yes
configure:16120: checking sys/socket.h presence
configure:16120: gcc -E  conftest.c
configure:16120: $? = 0
configure:16120: result: yes
configure:16120: checking for sys/socket.h
configure:16120: result: yes
configure:16130: checking types of arguments for select
configure:16158: gcc -c -g -O2  conftest.c >&5
configure:16158: $? = 0
configure:16169: result: int,fd_set *,struct timeval *
configure:16195: checking for gethostbyname
configure:16195: gcc -o conftest -g -O2   conftest.c -lz -lm  >&5
configure:16195: $? = 0
configure:16195: result: yes
configure:16195: checking for inet_ntoa
configure:16195: gcc -o conftest -g -O2   conftest.c -lz -lm  >&5
configure:16195: $? = 0
configure:16195: result: yes
configure:16195: checking for memset
configure:16195: gcc -o conftest -g -O2   conftest.c -lz -lm  >&5
conftest.c:69:6: warning: conflicting types for built-in function 'memset'
 char memset ();
      ^
configure:16195: $? = 0
configure:16195: result: yes
configure:16195: checking for pow
configure:16195: gcc -o conftest -g -O2   conftest.c -lz -lm  >&5
conftest.c:70:6: warning: conflicting types for built-in function 'pow'
 char pow ();
      ^
configure:16195: $? = 0
configure:16195: result: yes
configure:16207: checking for pow
configure:16207: result: yes
configure:16207: checking for rint
configure:16207: gcc -o conftest -g -O2   conftest.c -lz -lm  >&5
conftest.c:72:6: warning: conflicting types for built-in function 'rint'
 char rint ();
      ^
configure:16207: $? = 0
configure:16207: result: yes
configure:16207: checking for select
configure:16207: gcc -o conftest -g -O2   conftest.c -lz -lm  >&5
configure:16207: $? = 0
configure:16207: result: yes
configure:16207: checking for socket
configure:16207: gcc -o conftest -g -O2   conftest.c -lz -lm  >&5
configure:16207: $? = 0
configure:16207: result: yes
configure:16207: checking for sqrt
configure:16207: gcc -o conftest -g -O2   conftest.c -lz -lm  >&5
conftest.c:75:6: warning: conflicting types for built-in function 'sqrt'
 char sqrt ();
      ^
configure:16207: $? = 0
configure:16207: result: yes
configure:16207: checking for strerror
configure:16207: gcc -o conftest -g -O2   conftest.c -lz -lm  >&5
configure:16207: $? = 0
configure:16207: result: yes
configure:16207: checking for strtol
configure:16207: gcc -o conftest -g -O2   conftest.c -lz -lm  >&5
configure:16207: $? = 0
configure:16207: result: yes
configure:16268: checking for boostlib >= 1.32.0
configure:16337: g++ -c -g -O2  -I/usr/include conftest.cpp >&5
configure:16337: $? = 0
configure:16339: result: yes
configure:16515: checking whether the Boost::Program_Options library is available
configure:16539: g++ -c -g -O2  -I/usr/include conftest.cpp >&5
configure:16539: $? = 0
configure:16553: result: yes
configure:16564: checking for exit in -lboost_program_options
configure:16589: gcc -o conftest -g -O2  -I/usr/include  -L/usr/lib/x86_64-linux-gnu/ conftest.c -lboost_program_options  -lz -lm  >&5
conftest.c:64:6: warning: conflicting types for built-in function 'exit'
 char exit ();
      ^
configure:16589: $? = 0
configure:16599: result: yes
configure:16784: checking for pkg-config
configure:16802: found /usr/bin/pkg-config
configure:16814: result: /usr/bin/pkg-config
configure:16839: checking pkg-config is at least version 0.9.0
configure:16842: result: yes
configure:16856: set QT4_REQUIRED_VERSION... 4.1.0
configure:16858: set QT4_REQUIRED_MODULES... QtCore QtGui QtNetwork
configure:16867: checking for pkg-config
configure:16898: result: /usr/bin/pkg-config
configure:16911: check QtCore >= 4.1.0
configure:16915: checking for Qt4
configure:16922: $PKG_CONFIG --exists --print-errors "$mod >= $QT4_REQUIRED_VERSION"
configure:16925: $? = 0
configure:16939: $PKG_CONFIG --exists --print-errors "$mod >= $QT4_REQUIRED_VERSION"
configure:16942: $? = 0
configure:16980: result: yes
configure:16911: check QtGui >= 4.1.0
configure:16915: checking for Qt4
configure:16980: result: yes
configure:16911: check QtNetwork >= 4.1.0
configure:16915: checking for Qt4
configure:16980: result: yes
configure:16994: set QT4_CXXFLAGS... -DQT_SHARED -I/usr/include/qt4 -I/usr/include/qt4/QtGui -I/usr/include/qt4 -I/usr/include/qt4/QtNetwork -I/usr/include/qt4 -I/usr/include/qt4/QtCore
configure:16996: set QT4_LDFLAGS... -L/usr/X11R6/lib64
configure:16998: set QT4_LDADD... -pthread-lQtGui -lQtCore -lfontconfig -lpthread -laudio -lXt -lgthread-2.0 -lglib-2.0 -lpng -lz -lfreetype -lgobject-2.0 -lglib-2.0 -lSM -lICE -lXi -lXrender -lfontconfig -lfreetype -lXext -lX11 -lm -lQtNetwork -lQtCore -lfontconfig -lpthread -lz -lQtCore -lfontconfig -lpthread -lz -lm -ldl -lgthread-2.0 -lglib-2.0 -lrt
configure:17037: set QT4_MOC... /usr/share/qt4/bin/moc
configure:17184: creating ./config.status

## ---------------------- ##
## Running config.status. ##
## ---------------------- ##

This file was extended by rcsslogplayer config.status 15.1.0, which was
generated by GNU Autoconf 2.68.  Invocation command line was

  CONFIG_FILES    = 
  CONFIG_HEADERS  = 
  CONFIG_LINKS    = 
  CONFIG_COMMANDS = 
  $ ./config.status 

on ubuntu

config.status:1205: creating Makefile
config.status:1205: creating rcsslogplayer/Makefile
config.status:1205: creating tool/Makefile
config.status:1205: creating qt4/Makefile
config.status:1205: creating config.h
config.status:1434: executing depfiles commands
config.status:1434: executing libtool commands

## ---------------- ##
## Cache variables. ##
## ---------------- ##

ac_cv_build=x86_64-unknown-linux-gnu
ac_cv_c_compiler_gnu=yes
ac_cv_c_const=yes
ac_cv_c_inline=inline
ac_cv_c_int16_t=yes
ac_cv_c_int32_t=yes
ac_cv_c_uint16_t=yes
ac_cv_c_uint32_t=yes
ac_cv_cxx_compiler_gnu=yes
ac_cv_env_CCC_set=
ac_cv_env_CCC_value=
ac_cv_env_CC_set=
ac_cv_env_CC_value=
ac_cv_env_CFLAGS_set=
ac_cv_env_CFLAGS_value=
ac_cv_env_CPPFLAGS_set=
ac_cv_env_CPPFLAGS_value=
ac_cv_env_CPP_set=
ac_cv_env_CPP_value=
ac_cv_env_CXXCPP_set=
ac_cv_env_CXXCPP_value=
ac_cv_env_CXXFLAGS_set=
ac_cv_env_CXXFLAGS_value=
ac_cv_env_CXX_set=
ac_cv_env_CXX_value=
ac_cv_env_LDFLAGS_set=
ac_cv_env_LDFLAGS_value=
ac_cv_env_LIBS_set=
ac_cv_env_LIBS_value=
ac_cv_env_PKG_CONFIG_LIBDIR_set=
ac_cv_env_PKG_CONFIG_LIBDIR_value=
ac_cv_env_PKG_CONFIG_PATH_set=
ac_cv_env_PKG_CONFIG_PATH_value=
ac_cv_env_PKG_CONFIG_set=
ac_cv_env_PKG_CONFIG_value=
ac_cv_env_Qt4_CFLAGS_set=
ac_cv_env_Qt4_CFLAGS_value=
ac_cv_env_Qt4_LIBS_set=
ac_cv_env_Qt4_LIBS_value=
ac_cv_env_build_alias_set=
ac_cv_env_build_alias_value=
ac_cv_env_host_alias_set=
ac_cv_env_host_alias_value=
ac_cv_env_target_alias_set=
ac_cv_env_target_alias_value=
ac_cv_func_fork=yes
ac_cv_func_fork_works=yes
ac_cv_func_gethostbyname=yes
ac_cv_func_inet_ntoa=yes
ac_cv_func_memset=yes
ac_cv_func_pow=yes
ac_cv_func_rint=yes
ac_cv_func_select=yes
ac_cv_func_select_args='int,fd_set *,struct timeval *'
ac_cv_func_socket=yes
ac_cv_func_sqrt=yes
ac_cv_func_strerror=yes
ac_cv_func_strtol=yes
ac_cv_func_vfork=yes
ac_cv_func_vfork_works=yes
ac_cv_header_arpa_inet_h=yes
ac_cv_header_dlfcn_h=yes
ac_cv_header_fcntl_h=yes
ac_cv_header_inttypes_h=yes
ac_cv_header_memory_h=yes
ac_cv_header_netdb_h=yes
ac_cv_header_netinet_in_h=yes
ac_cv_header_stdbool_h=yes
ac_cv_header_stdc=yes
ac_cv_header_stdint_h=yes
ac_cv_header_stdlib_h=yes
ac_cv_header_string_h=yes
ac_cv_header_strings_h=yes
ac_cv_header_sys_select_h=yes
ac_cv_header_sys_socket_h=yes
ac_cv_header_sys_stat_h=yes
ac_cv_header_sys_time_h=yes
ac_cv_header_sys_types_h=yes
ac_cv_header_time=yes
ac_cv_header_unistd_h=yes
ac_cv_header_vfork_h=no
ac_cv_host=x86_64-unknown-linux-gnu
ac_cv_lib_boost_program_options___exit=yes
ac_cv_lib_m_cos=yes
ac_cv_lib_z_deflate=yes
ac_cv_objext=o
ac_cv_path_EGREP='/bin/grep -E'
ac_cv_path_FGREP='/bin/grep -F'
ac_cv_path_GREP=/bin/grep
ac_cv_path_PKG_CONFIG=/usr/bin/pkg-config
ac_cv_path_SED=/bin/sed
ac_cv_path_ac_pt_PKG_CONFIG=/usr/bin/pkg-config
ac_cv_path_install='/usr/bin/install -c'
ac_cv_path_mkdir=/bin/mkdir
ac_cv_prog_AWK=mawk
ac_cv_prog_CPP='gcc -E'
ac_cv_prog_CXXCPP='g++ -E'
ac_cv_prog_ac_ct_AR=ar
ac_cv_prog_ac_ct_CC=gcc
ac_cv_prog_ac_ct_CXX=g++
ac_cv_prog_ac_ct_MANIFEST_TOOL=mt
ac_cv_prog_ac_ct_OBJDUMP=objdump
ac_cv_prog_ac_ct_RANLIB=ranlib
ac_cv_prog_ac_ct_STRIP=strip
ac_cv_prog_cc_c89=
ac_cv_prog_cc_g=yes
ac_cv_prog_cxx_g=yes
ac_cv_prog_make_make_set=yes
ac_cv_type__Bool=yes
ac_cv_type_pid_t=yes
ac_cv_type_size_t=yes
ac_cv_type_socklen_t=yes
am_cv_CC_dependencies_compiler_type=gcc3
am_cv_CXX_dependencies_compiler_type=gcc3
ax_cv_boost_program_options=yes
lt_cv_ar_at_file=@
lt_cv_archive_cmds_need_lc=no
lt_cv_deplibs_check_method=pass_all
lt_cv_file_magic_cmd='$MAGIC_CMD'
lt_cv_file_magic_test_file=
lt_cv_ld_reload_flag=-r
lt_cv_nm_interface='BSD nm'
lt_cv_objdir=.libs
lt_cv_path_LD=/usr/bin/ld
lt_cv_path_LDCXX='/usr/bin/ld -m elf_x86_64'
lt_cv_path_NM='/usr/bin/nm -B'
lt_cv_path_mainfest_tool=no
lt_cv_prog_compiler_c_o=yes
lt_cv_prog_compiler_c_o_CXX=yes
lt_cv_prog_compiler_pic='-fPIC -DPIC'
lt_cv_prog_compiler_pic_CXX='-fPIC -DPIC'
lt_cv_prog_compiler_pic_works=yes
lt_cv_prog_compiler_pic_works_CXX=yes
lt_cv_prog_compiler_rtti_exceptions=no
lt_cv_prog_compiler_static_works=yes
lt_cv_prog_compiler_static_works_CXX=yes
lt_cv_prog_gnu_ld=yes
lt_cv_prog_gnu_ldcxx=yes
lt_cv_sharedlib_from_linklib_cmd='printf %s\n'
lt_cv_shlibpath_overrides_runpath=no
lt_cv_sys_global_symbol_pipe='sed -n -e '\''s/^.*[	 ]\([ABCDGIRSTW][ABCDGIRSTW]*\)[	 ][	 ]*\([_A-Za-z][_A-Za-z0-9]*\)$/\1 \2 \2/p'\'' | sed '\''/ __gnu_lto/d'\'''
lt_cv_sys_global_symbol_to_c_name_address='sed -n -e '\''s/^: \([^ ]*\)[ ]*$/  {\"\1\", (void *) 0},/p'\'' -e '\''s/^[ABCDGIRSTW]* \([^ ]*\) \([^ ]*\)$/  {"\2", (void *) \&\2},/p'\'''
lt_cv_sys_global_symbol_to_c_name_address_lib_prefix='sed -n -e '\''s/^: \([^ ]*\)[ ]*$/  {\"\1\", (void *) 0},/p'\'' -e '\''s/^[ABCDGIRSTW]* \([^ ]*\) \(lib[^ ]*\)$/  {"\2", (void *) \&\2},/p'\'' -e '\''s/^[ABCDGIRSTW]* \([^ ]*\) \([^ ]*\)$/  {"lib\2", (void *) \&\2},/p'\'''
lt_cv_sys_global_symbol_to_cdecl='sed -n -e '\''s/^T .* \(.*\)$/extern int \1();/p'\'' -e '\''s/^[ABCDGIRSTW]* .* \(.*\)$/extern char \1;/p'\'''
lt_cv_sys_max_cmd_len=1572864
lt_cv_to_host_file_cmd=func_convert_file_noop
lt_cv_to_tool_file_cmd=func_convert_file_noop
pkg_cv_Qt4_CFLAGS='-DQT_SHARED -I/usr/include/qt4 -I/usr/include/qt4/QtCore'
pkg_cv_Qt4_LIBS=-lQtCore

## ----------------- ##
## Output variables. ##
## ----------------- ##

ACLOCAL='${SHELL} /home/sjk1997/Downloads/rcsslogplayer-15.1.0/missing --run aclocal-1.11'
AMDEPBACKSLASH='\'
AMDEP_FALSE='#'
AMDEP_TRUE=''
AMTAR='$${TAR-tar}'
AR='ar'
AUTOCONF='${SHELL} /home/sjk1997/Downloads/rcsslogplayer-15.1.0/missing --run autoconf'
AUTOHEADER='${SHELL} /home/sjk1997/Downloads/rcsslogplayer-15.1.0/missing --run autoheader'
AUTOMAKE='${SHELL} /home/sjk1997/Downloads/rcsslogplayer-15.1.0/missing --run automake-1.11'
AWK='mawk'
BOOST_CPPFLAGS='-I/usr/include'
BOOST_LDFLAGS='-L/usr/lib/x86_64-linux-gnu/'
BOOST_PROGRAM_OPTIONS_LIB='-lboost_program_options'
CC='gcc'
CCDEPMODE='depmode=gcc3'
CFLAGS='-g -O2'
CPP='gcc -E'
CPPFLAGS=' -I/usr/include'
CXX='g++'
CXXCPP='g++ -E'
CXXDEPMODE='depmode=gcc3'
CXXFLAGS='-g -O2'
CYGPATH_W='echo'
DEFS='-DHAVE_CONFIG_H'
DEPDIR='.deps'
DLLTOOL='false'
DSYMUTIL=''
DUMPBIN=''
ECHO_C=''
ECHO_N='-n'
ECHO_T=''
EGREP='/bin/grep -E'
EXEEXT=''
FGREP='/bin/grep -F'
GREP='/bin/grep'
INSTALL_DATA='${INSTALL} -m 644'
INSTALL_PROGRAM='${INSTALL}'
INSTALL_SCRIPT='${INSTALL}'
INSTALL_STRIP_PROGRAM='$(install_sh) -c -s'
LD='/usr/bin/ld -m elf_x86_64'
LDFLAGS=' -L/usr/lib/x86_64-linux-gnu/'
LIBOBJS=''
LIBS='-lz -lm '
LIBTOOL='$(SHELL) $(top_builddir)/libtool'
LIBTOOL_DEPS='./ltmain.sh'
LIPO=''
LN_S='ln -s'
LTLIBOBJS=''
MAKEINFO='${SHELL} /home/sjk1997/Downloads/rcsslogplayer-15.1.0/missing --run makeinfo'
MANIFEST_TOOL=':'
MKDIR_P='/bin/mkdir -p'
NM='/usr/bin/nm -B'
NMEDIT=''
OBJDUMP='objdump'
OBJEXT='o'
OTOOL64=''
OTOOL=''
PACKAGE='rcsslogplayer'
PACKAGE_BUGREPORT='sserver-admin@users.sf.net'
PACKAGE_NAME='rcsslogplayer'
PACKAGE_STRING='rcsslogplayer 15.1.0'
PACKAGE_TARNAME='rcsslogplayer'
PACKAGE_URL=''
PACKAGE_VERSION='15.1.0'
PATH_SEPARATOR=':'
PKG_CONFIG='/usr/bin/pkg-config'
PKG_CONFIG_LIBDIR=''
PKG_CONFIG_PATH=''
QT4_CFLAGS='-DQT_SHARED -I/usr/include/qt4 -I/usr/include/qt4/QtGui -I/usr/include/qt4 -I/usr/include/qt4/QtNetwork -I/usr/include/qt4 -I/usr/include/qt4/QtCore'
QT4_CPPFLAGS=''
QT4_CXXFLAGS='-DQT_SHARED -I/usr/include/qt4 -I/usr/include/qt4/QtGui -I/usr/include/qt4 -I/usr/include/qt4/QtNetwork -I/usr/include/qt4 -I/usr/include/qt4/QtCore'
QT4_LDADD='-pthread-lQtGui -lQtCore -lfontconfig -lpthread -laudio -lXt -lgthread-2.0 -lglib-2.0 -lpng -lz -lfreetype -lgobject-2.0 -lglib-2.0 -lSM -lICE -lXi -lXrender -lfontconfig -lfreetype -lXext -lX11 -lm -lQtNetwork -lQtCore -lfontconfig -lpthread -lz -lQtCore -lfontconfig -lpthread -lz -lm -ldl -lgthread-2.0 -lglib-2.0 -lrt'
QT4_LDFLAGS='-L/usr/X11R6/lib64'
QT4_MOC='/usr/share/qt4/bin/moc'
Qt4_CFLAGS='-DQT_SHARED -I/usr/include/qt4 -I/usr/include/qt4/QtCore'
Qt4_LIBS='-lQtCore'
RANLIB='ranlib'
SED='/bin/sed'
SET_MAKE=''
SHELL='/bin/bash'
STRIP='strip'
VERSION='15.1.0'
ac_ct_AR='ar'
ac_ct_CC='gcc'
ac_ct_CXX='g++'
ac_ct_DUMPBIN=''
am__EXEEXT_FALSE=''
am__EXEEXT_TRUE='#'
am__fastdepCC_FALSE='#'
am__fastdepCC_TRUE=''
am__fastdepCXX_FALSE='#'
am__fastdepCXX_TRUE=''
am__include='include'
am__isrc=''
am__leading_dot='.'
am__nodep='_no'
am__quote=''
am__tar='$${TAR-tar} chof - "$$tardir"'
am__untar='$${TAR-tar} xf -'
bindir='${exec_prefix}/bin'
build='x86_64-unknown-linux-gnu'
build_alias=''
build_cpu='x86_64'
build_os='linux-gnu'
build_vendor='unknown'
datadir='${datarootdir}'
datarootdir='${prefix}/share'
docdir='${datarootdir}/doc/${PACKAGE_TARNAME}'
dvidir='${docdir}'
exec_prefix='${prefix}'
host='x86_64-unknown-linux-gnu'
host_alias=''
host_cpu='x86_64'
host_os='linux-gnu'
host_vendor='unknown'
htmldir='${docdir}'
includedir='${prefix}/include'
infodir='${datarootdir}/info'
install_sh='${SHELL} /home/sjk1997/Downloads/rcsslogplayer-15.1.0/install-sh'
libdir='${exec_prefix}/lib'
libexecdir='${exec_prefix}/libexec'
localedir='${datarootdir}/locale'
localstatedir='${prefix}/var'
mandir='${datarootdir}/man'
mkdir_p='/bin/mkdir -p'
oldincludedir='/usr/include'
pdfdir='${docdir}'
prefix='/usr/local'
program_transform_name='s,x,x,'
psdir='${docdir}'
sbindir='${exec_prefix}/sbin'
sharedstatedir='${prefix}/com'
sysconfdir='${prefix}/etc'
target_alias=''

## ----------- ##
## confdefs.h. ##
## ----------- ##

/* confdefs.h */
#define PACKAGE_NAME "rcsslogplayer"
#define PACKAGE_TARNAME "rcsslogplayer"
#define PACKAGE_VERSION "15.1.0"
#define PACKAGE_STRING "rcsslogplayer 15.1.0"
#define PACKAGE_BUGREPORT "sserver-admin@users.sf.net"
#define PACKAGE_URL ""
#define PACKAGE "rcsslogplayer"
#define VERSION "15.1.0"
#define HAVE_LIBZ 1
#define STDC_HEADERS 1
#define HAVE_SYS_TYPES_H 1
#define HAVE_SYS_STAT_H 1
#define HAVE_STDLIB_H 1
#define HAVE_STRING_H 1
#define HAVE_MEMORY_H 1
#define HAVE_STRINGS_H 1
#define HAVE_INTTYPES_H 1
#define HAVE_STDINT_H 1
#define HAVE_UNISTD_H 1
#define HAVE_ARPA_INET_H 1
#define HAVE_FCNTL_H 1
#define HAVE_NETDB_H 1
#define HAVE_NETINET_IN_H 1
#define HAVE_SYS_TIME_H 1
#define HAVE_UNISTD_H 1
#define HAVE_DLFCN_H 1
#define LT_OBJDIR ".libs/"
#define HAVE__BOOL 1
#define HAVE_STDBOOL_H 1
#define TIME_WITH_SYS_TIME 1
#define HAVE_SOCKLEN_T 1
#define STDC_HEADERS 1
#define HAVE_FORK 1
#define HAVE_VFORK 1
#define HAVE_WORKING_VFORK 1
#define HAVE_WORKING_FORK 1
#define HAVE_SYS_SELECT_H 1
#define HAVE_SYS_SOCKET_H 1
#define SELECT_TYPE_ARG1 int
#define SELECT_TYPE_ARG234 (fd_set *)
#define SELECT_TYPE_ARG5 (struct timeval *)
#define HAVE_GETHOSTBYNAME 1
#define HAVE_INET_NTOA 1
#define HAVE_MEMSET 1
#define HAVE_POW 1
#define HAVE_POW 1
#define HAVE_RINT 1
#define HAVE_SELECT 1
#define HAVE_SOCKET 1
#define HAVE_SQRT 1
#define HAVE_STRERROR 1
#define HAVE_STRTOL 1
#define HAVE_BOOST /**/
#define HAVE_BOOST_PROGRAM_OPTIONS /**/

configure: exit 0
